{"C:\\Users\\luedu\\OneDrive\\Desktop\\Luis\\Estudios\\Taller web\\ecommerce-store\\src\\modules\\cart-checkout\\hooks\\useAddresses.ts": {"path":"C:\\Users\\luedu\\OneDrive\\Desktop\\Luis\\Estudios\\Taller web\\ecommerce-store\\src\\modules\\cart-checkout\\hooks\\useAddresses.ts","statementMap":{"0":{"start":{"line":8,"column":32},"end":{"line":8,"column":null}},"1":{"start":{"line":9,"column":28},"end":{"line":9,"column":null}},"2":{"start":{"line":10,"column":24},"end":{"line":10,"column":null}},"3":{"start":{"line":12,"column":8},"end":{"line":25,"column":null}},"4":{"start":{"line":13,"column":4},"end":{"line":13,"column":null}},"5":{"start":{"line":13,"column":25},"end":{"line":13,"column":null}},"6":{"start":{"line":14,"column":4},"end":{"line":24,"column":null}},"7":{"start":{"line":15,"column":6},"end":{"line":15,"column":null}},"8":{"start":{"line":16,"column":18},"end":{"line":16,"column":null}},"9":{"start":{"line":17,"column":6},"end":{"line":17,"column":null}},"10":{"start":{"line":17,"column":19},"end":{"line":17,"column":null}},"11":{"start":{"line":18,"column":19},"end":{"line":18,"column":null}},"12":{"start":{"line":19,"column":6},"end":{"line":19,"column":null}},"13":{"start":{"line":21,"column":6},"end":{"line":21,"column":null}},"14":{"start":{"line":23,"column":6},"end":{"line":23,"column":null}},"15":{"start":{"line":27,"column":8},"end":{"line":54,"column":null}},"16":{"start":{"line":29,"column":6},"end":{"line":29,"column":null}},"17":{"start":{"line":29,"column":27},"end":{"line":29,"column":null}},"18":{"start":{"line":30,"column":21},"end":{"line":30,"column":null}},"19":{"start":{"line":31,"column":25},"end":{"line":31,"column":null}},"20":{"start":{"line":33,"column":6},"end":{"line":33,"column":null}},"21":{"start":{"line":33,"column":29},"end":{"line":33,"column":50}},"22":{"start":{"line":35,"column":6},"end":{"line":51,"column":null}},"23":{"start":{"line":36,"column":20},"end":{"line":40,"column":null}},"24":{"start":{"line":42,"column":8},"end":{"line":42,"column":null}},"25":{"start":{"line":42,"column":21},"end":{"line":42,"column":null}},"26":{"start":{"line":43,"column":21},"end":{"line":43,"column":null}},"27":{"start":{"line":45,"column":8},"end":{"line":47,"column":null}},"28":{"start":{"line":46,"column":10},"end":{"line":46,"column":null}},"29":{"start":{"line":46,"column":27},"end":{"line":46,"column":54}},"30":{"start":{"line":49,"column":8},"end":{"line":49,"column":null}},"31":{"start":{"line":50,"column":8},"end":{"line":50,"column":null}},"32":{"start":{"line":50,"column":31},"end":{"line":50,"column":66}},"33":{"start":{"line":50,"column":50},"end":{"line":50,"column":65}},"34":{"start":{"line":56,"column":8},"end":{"line":86,"column":null}},"35":{"start":{"line":58,"column":18},"end":{"line":58,"column":null}},"36":{"start":{"line":58,"column":40},"end":{"line":58,"column":51}},"37":{"start":{"line":59,"column":6},"end":{"line":59,"column":null}},"38":{"start":{"line":59,"column":16},"end":{"line":59,"column":null}},"39":{"start":{"line":61,"column":6},"end":{"line":63,"column":null}},"40":{"start":{"line":62,"column":8},"end":{"line":62,"column":null}},"41":{"start":{"line":62,"column":25},"end":{"line":62,"column":64}},"42":{"start":{"line":65,"column":6},"end":{"line":83,"column":null}},"43":{"start":{"line":66,"column":20},"end":{"line":70,"column":null}},"44":{"start":{"line":72,"column":8},"end":{"line":72,"column":null}},"45":{"start":{"line":72,"column":21},"end":{"line":72,"column":null}},"46":{"start":{"line":73,"column":21},"end":{"line":73,"column":null}},"47":{"start":{"line":75,"column":8},"end":{"line":77,"column":null}},"48":{"start":{"line":76,"column":10},"end":{"line":76,"column":null}},"49":{"start":{"line":76,"column":27},"end":{"line":76,"column":50}},"50":{"start":{"line":79,"column":8},"end":{"line":79,"column":null}},"51":{"start":{"line":80,"column":8},"end":{"line":82,"column":null}},"52":{"start":{"line":81,"column":10},"end":{"line":81,"column":null}},"53":{"start":{"line":81,"column":27},"end":{"line":81,"column":49}},"54":{"start":{"line":88,"column":8},"end":{"line":104,"column":null}},"55":{"start":{"line":90,"column":18},"end":{"line":90,"column":null}},"56":{"start":{"line":91,"column":6},"end":{"line":91,"column":null}},"57":{"start":{"line":91,"column":29},"end":{"line":91,"column":60}},"58":{"start":{"line":91,"column":48},"end":{"line":91,"column":59}},"59":{"start":{"line":93,"column":6},"end":{"line":101,"column":null}},"60":{"start":{"line":94,"column":20},"end":{"line":96,"column":null}},"61":{"start":{"line":97,"column":8},"end":{"line":97,"column":null}},"62":{"start":{"line":97,"column":21},"end":{"line":97,"column":null}},"63":{"start":{"line":99,"column":8},"end":{"line":99,"column":null}},"64":{"start":{"line":100,"column":8},"end":{"line":100,"column":null}},"65":{"start":{"line":106,"column":8},"end":{"line":125,"column":null}},"66":{"start":{"line":108,"column":18},"end":{"line":108,"column":null}},"67":{"start":{"line":109,"column":6},"end":{"line":111,"column":null}},"68":{"start":{"line":110,"column":8},"end":{"line":110,"column":null}},"69":{"start":{"line":110,"column":25},"end":{"line":110,"column":58}},"70":{"start":{"line":113,"column":6},"end":{"line":122,"column":null}},"71":{"start":{"line":114,"column":20},"end":{"line":117,"column":null}},"72":{"start":{"line":118,"column":8},"end":{"line":118,"column":null}},"73":{"start":{"line":118,"column":21},"end":{"line":118,"column":null}},"74":{"start":{"line":120,"column":8},"end":{"line":120,"column":null}},"75":{"start":{"line":121,"column":8},"end":{"line":121,"column":null}},"76":{"start":{"line":127,"column":2},"end":{"line":129,"column":null}},"77":{"start":{"line":128,"column":4},"end":{"line":128,"column":null}},"78":{"start":{"line":131,"column":2},"end":{"line":140,"column":null}}},"fnMap":{"0":{"name":"useAddresses","decl":{"start":{"line":7,"column":16},"end":{"line":7,"column":29}},"loc":{"start":{"line":7,"column":76},"end":{"line":141,"column":null}},"line":7},"1":{"name":"(anonymous_1)","decl":{"start":{"line":12,"column":37},"end":{"line":12,"column":49}},"loc":{"start":{"line":12,"column":49},"end":{"line":25,"column":5}},"line":12},"2":{"name":"(anonymous_2)","decl":{"start":{"line":28,"column":4},"end":{"line":28,"column":11}},"loc":{"start":{"line":28,"column":39},"end":{"line":52,"column":null}},"line":28},"3":{"name":"(anonymous_3)","decl":{"start":{"line":33,"column":19},"end":{"line":33,"column":20}},"loc":{"start":{"line":33,"column":29},"end":{"line":33,"column":50}},"line":33},"4":{"name":"(anonymous_4)","decl":{"start":{"line":45,"column":21},"end":{"line":45,"column":22}},"loc":{"start":{"line":46,"column":10},"end":{"line":46,"column":null}},"line":46},"5":{"name":"(anonymous_5)","decl":{"start":{"line":46,"column":19},"end":{"line":46,"column":20}},"loc":{"start":{"line":46,"column":27},"end":{"line":46,"column":54}},"line":46},"6":{"name":"(anonymous_6)","decl":{"start":{"line":50,"column":21},"end":{"line":50,"column":22}},"loc":{"start":{"line":50,"column":31},"end":{"line":50,"column":66}},"line":50},"7":{"name":"(anonymous_7)","decl":{"start":{"line":50,"column":43},"end":{"line":50,"column":44}},"loc":{"start":{"line":50,"column":50},"end":{"line":50,"column":65}},"line":50},"8":{"name":"(anonymous_8)","decl":{"start":{"line":57,"column":4},"end":{"line":57,"column":11}},"loc":{"start":{"line":57,"column":57},"end":{"line":84,"column":null}},"line":57},"9":{"name":"(anonymous_9)","decl":{"start":{"line":58,"column":33},"end":{"line":58,"column":34}},"loc":{"start":{"line":58,"column":40},"end":{"line":58,"column":51}},"line":58},"10":{"name":"(anonymous_10)","decl":{"start":{"line":61,"column":19},"end":{"line":61,"column":20}},"loc":{"start":{"line":62,"column":8},"end":{"line":62,"column":null}},"line":62},"11":{"name":"(anonymous_11)","decl":{"start":{"line":62,"column":17},"end":{"line":62,"column":18}},"loc":{"start":{"line":62,"column":25},"end":{"line":62,"column":64}},"line":62},"12":{"name":"(anonymous_12)","decl":{"start":{"line":75,"column":21},"end":{"line":75,"column":22}},"loc":{"start":{"line":76,"column":10},"end":{"line":76,"column":null}},"line":76},"13":{"name":"(anonymous_13)","decl":{"start":{"line":76,"column":19},"end":{"line":76,"column":20}},"loc":{"start":{"line":76,"column":27},"end":{"line":76,"column":50}},"line":76},"14":{"name":"(anonymous_14)","decl":{"start":{"line":80,"column":21},"end":{"line":80,"column":22}},"loc":{"start":{"line":81,"column":10},"end":{"line":81,"column":null}},"line":81},"15":{"name":"(anonymous_15)","decl":{"start":{"line":81,"column":19},"end":{"line":81,"column":20}},"loc":{"start":{"line":81,"column":27},"end":{"line":81,"column":49}},"line":81},"16":{"name":"(anonymous_16)","decl":{"start":{"line":89,"column":4},"end":{"line":89,"column":11}},"loc":{"start":{"line":89,"column":26},"end":{"line":102,"column":null}},"line":89},"17":{"name":"(anonymous_17)","decl":{"start":{"line":91,"column":19},"end":{"line":91,"column":20}},"loc":{"start":{"line":91,"column":29},"end":{"line":91,"column":60}},"line":91},"18":{"name":"(anonymous_18)","decl":{"start":{"line":91,"column":41},"end":{"line":91,"column":42}},"loc":{"start":{"line":91,"column":48},"end":{"line":91,"column":59}},"line":91},"19":{"name":"(anonymous_19)","decl":{"start":{"line":107,"column":4},"end":{"line":107,"column":11}},"loc":{"start":{"line":107,"column":26},"end":{"line":123,"column":null}},"line":107},"20":{"name":"(anonymous_20)","decl":{"start":{"line":109,"column":19},"end":{"line":109,"column":20}},"loc":{"start":{"line":110,"column":8},"end":{"line":110,"column":null}},"line":110},"21":{"name":"(anonymous_21)","decl":{"start":{"line":110,"column":17},"end":{"line":110,"column":18}},"loc":{"start":{"line":110,"column":25},"end":{"line":110,"column":58}},"line":110},"22":{"name":"(anonymous_22)","decl":{"start":{"line":127,"column":12},"end":{"line":127,"column":18}},"loc":{"start":{"line":127,"column":18},"end":{"line":129,"column":5}},"line":127}},"branchMap":{"0":{"loc":{"start":{"line":13,"column":4},"end":{"line":13,"column":null}},"type":"if","locations":[{"start":{"line":13,"column":4},"end":{"line":13,"column":null}},{"start":{},"end":{}}],"line":13},"1":{"loc":{"start":{"line":17,"column":6},"end":{"line":17,"column":null}},"type":"if","locations":[{"start":{"line":17,"column":6},"end":{"line":17,"column":null}},{"start":{},"end":{}}],"line":17},"2":{"loc":{"start":{"line":29,"column":6},"end":{"line":29,"column":null}},"type":"if","locations":[{"start":{"line":29,"column":6},"end":{"line":29,"column":null}},{"start":{},"end":{}}],"line":29},"3":{"loc":{"start":{"line":42,"column":8},"end":{"line":42,"column":null}},"type":"if","locations":[{"start":{"line":42,"column":8},"end":{"line":42,"column":null}},{"start":{},"end":{}}],"line":42},"4":{"loc":{"start":{"line":46,"column":27},"end":{"line":46,"column":54}},"type":"cond-expr","locations":[{"start":{"line":46,"column":45},"end":{"line":46,"column":52}},{"start":{"line":46,"column":52},"end":{"line":46,"column":54}}],"line":46},"5":{"loc":{"start":{"line":59,"column":6},"end":{"line":59,"column":null}},"type":"if","locations":[{"start":{"line":59,"column":6},"end":{"line":59,"column":null}},{"start":{},"end":{}}],"line":59},"6":{"loc":{"start":{"line":62,"column":25},"end":{"line":62,"column":64}},"type":"cond-expr","locations":[{"start":{"line":62,"column":39},"end":{"line":62,"column":62}},{"start":{"line":62,"column":62},"end":{"line":62,"column":64}}],"line":62},"7":{"loc":{"start":{"line":72,"column":8},"end":{"line":72,"column":null}},"type":"if","locations":[{"start":{"line":72,"column":8},"end":{"line":72,"column":null}},{"start":{},"end":{}}],"line":72},"8":{"loc":{"start":{"line":76,"column":27},"end":{"line":76,"column":50}},"type":"cond-expr","locations":[{"start":{"line":76,"column":41},"end":{"line":76,"column":48}},{"start":{"line":76,"column":48},"end":{"line":76,"column":50}}],"line":76},"9":{"loc":{"start":{"line":81,"column":27},"end":{"line":81,"column":49}},"type":"cond-expr","locations":[{"start":{"line":81,"column":41},"end":{"line":81,"column":47}},{"start":{"line":81,"column":47},"end":{"line":81,"column":49}}],"line":81},"10":{"loc":{"start":{"line":97,"column":8},"end":{"line":97,"column":null}},"type":"if","locations":[{"start":{"line":97,"column":8},"end":{"line":97,"column":null}},{"start":{},"end":{}}],"line":97},"11":{"loc":{"start":{"line":118,"column":8},"end":{"line":118,"column":null}},"type":"if","locations":[{"start":{"line":118,"column":8},"end":{"line":118,"column":null}},{"start":{},"end":{}}],"line":118}},"s":{"0":27,"1":27,"2":27,"3":27,"4":8,"5":1,"6":7,"7":7,"8":7,"9":7,"10":1,"11":6,"12":6,"13":1,"14":7,"15":27,"16":1,"17":0,"18":1,"19":1,"20":1,"21":1,"22":1,"23":1,"24":1,"25":0,"26":1,"27":1,"28":1,"29":3,"30":0,"31":0,"32":0,"33":0,"34":27,"35":1,"36":1,"37":1,"38":0,"39":1,"40":1,"41":2,"42":1,"43":1,"44":1,"45":0,"46":1,"47":1,"48":1,"49":2,"50":0,"51":0,"52":0,"53":0,"54":27,"55":2,"56":2,"57":2,"58":4,"59":2,"60":2,"61":2,"62":1,"63":1,"64":1,"65":27,"66":1,"67":1,"68":1,"69":2,"70":1,"71":1,"72":1,"73":0,"74":0,"75":0,"76":27,"77":8,"78":27},"f":{"0":27,"1":8,"2":1,"3":1,"4":1,"5":3,"6":0,"7":0,"8":1,"9":1,"10":1,"11":2,"12":1,"13":2,"14":0,"15":0,"16":2,"17":2,"18":4,"19":1,"20":1,"21":2,"22":8},"b":{"0":[1,7],"1":[1,6],"2":[0,1],"3":[0,1],"4":[1,2],"5":[0,1],"6":[1,1],"7":[0,1],"8":[1,1],"9":[0,0],"10":[1,1],"11":[0,1]},"meta":{"lastBranch":12,"lastFunction":23,"lastStatement":79,"seen":{"f:7:16:7:29":0,"s:8:32:8:Infinity":0,"s:9:28:9:Infinity":1,"s:10:24:10:Infinity":2,"s:12:8:25:Infinity":3,"f:12:37:12:49":1,"b:13:4:13:Infinity:undefined:undefined:undefined:undefined":0,"s:13:4:13:Infinity":4,"s:13:25:13:Infinity":5,"s:14:4:24:Infinity":6,"s:15:6:15:Infinity":7,"s:16:18:16:Infinity":8,"b:17:6:17:Infinity:undefined:undefined:undefined:undefined":1,"s:17:6:17:Infinity":9,"s:17:19:17:Infinity":10,"s:18:19:18:Infinity":11,"s:19:6:19:Infinity":12,"s:21:6:21:Infinity":13,"s:23:6:23:Infinity":14,"s:27:8:54:Infinity":15,"f:28:4:28:11":2,"b:29:6:29:Infinity:undefined:undefined:undefined:undefined":2,"s:29:6:29:Infinity":16,"s:29:27:29:Infinity":17,"s:30:21:30:Infinity":18,"s:31:25:31:Infinity":19,"s:33:6:33:Infinity":20,"f:33:19:33:20":3,"s:33:29:33:50":21,"s:35:6:51:Infinity":22,"s:36:20:40:Infinity":23,"b:42:8:42:Infinity:undefined:undefined:undefined:undefined":3,"s:42:8:42:Infinity":24,"s:42:21:42:Infinity":25,"s:43:21:43:Infinity":26,"s:45:8:47:Infinity":27,"f:45:21:45:22":4,"s:46:10:46:Infinity":28,"f:46:19:46:20":5,"s:46:27:46:54":29,"b:46:45:46:52:46:52:46:54":4,"s:49:8:49:Infinity":30,"s:50:8:50:Infinity":31,"f:50:21:50:22":6,"s:50:31:50:66":32,"f:50:43:50:44":7,"s:50:50:50:65":33,"s:56:8:86:Infinity":34,"f:57:4:57:11":8,"s:58:18:58:Infinity":35,"f:58:33:58:34":9,"s:58:40:58:51":36,"b:59:6:59:Infinity:undefined:undefined:undefined:undefined":5,"s:59:6:59:Infinity":37,"s:59:16:59:Infinity":38,"s:61:6:63:Infinity":39,"f:61:19:61:20":10,"s:62:8:62:Infinity":40,"f:62:17:62:18":11,"s:62:25:62:64":41,"b:62:39:62:62:62:62:62:64":6,"s:65:6:83:Infinity":42,"s:66:20:70:Infinity":43,"b:72:8:72:Infinity:undefined:undefined:undefined:undefined":7,"s:72:8:72:Infinity":44,"s:72:21:72:Infinity":45,"s:73:21:73:Infinity":46,"s:75:8:77:Infinity":47,"f:75:21:75:22":12,"s:76:10:76:Infinity":48,"f:76:19:76:20":13,"s:76:27:76:50":49,"b:76:41:76:48:76:48:76:50":8,"s:79:8:79:Infinity":50,"s:80:8:82:Infinity":51,"f:80:21:80:22":14,"s:81:10:81:Infinity":52,"f:81:19:81:20":15,"s:81:27:81:49":53,"b:81:41:81:47:81:47:81:49":9,"s:88:8:104:Infinity":54,"f:89:4:89:11":16,"s:90:18:90:Infinity":55,"s:91:6:91:Infinity":56,"f:91:19:91:20":17,"s:91:29:91:60":57,"f:91:41:91:42":18,"s:91:48:91:59":58,"s:93:6:101:Infinity":59,"s:94:20:96:Infinity":60,"b:97:8:97:Infinity:undefined:undefined:undefined:undefined":10,"s:97:8:97:Infinity":61,"s:97:21:97:Infinity":62,"s:99:8:99:Infinity":63,"s:100:8:100:Infinity":64,"s:106:8:125:Infinity":65,"f:107:4:107:11":19,"s:108:18:108:Infinity":66,"s:109:6:111:Infinity":67,"f:109:19:109:20":20,"s:110:8:110:Infinity":68,"f:110:17:110:18":21,"s:110:25:110:58":69,"s:113:6:122:Infinity":70,"s:114:20:117:Infinity":71,"b:118:8:118:Infinity:undefined:undefined:undefined:undefined":11,"s:118:8:118:Infinity":72,"s:118:21:118:Infinity":73,"s:120:8:120:Infinity":74,"s:121:8:121:Infinity":75,"s:127:2:129:Infinity":76,"f:127:12:127:18":22,"s:128:4:128:Infinity":77,"s:131:2:140:Infinity":78}}}
,"C:\\Users\\luedu\\OneDrive\\Desktop\\Luis\\Estudios\\Taller web\\ecommerce-store\\src\\modules\\cart-checkout\\hooks\\useCart.ts": {"path":"C:\\Users\\luedu\\OneDrive\\Desktop\\Luis\\Estudios\\Taller web\\ecommerce-store\\src\\modules\\cart-checkout\\hooks\\useCart.ts","statementMap":{"0":{"start":{"line":8,"column":18},"end":{"line":8,"column":null}},"1":{"start":{"line":9,"column":17},"end":{"line":9,"column":null}},"2":{"start":{"line":10,"column":22},"end":{"line":10,"column":null}},"3":{"start":{"line":11,"column":28},"end":{"line":11,"column":null}},"4":{"start":{"line":12,"column":24},"end":{"line":12,"column":null}},"5":{"start":{"line":15,"column":8},"end":{"line":28,"column":null}},"6":{"start":{"line":16,"column":4},"end":{"line":16,"column":null}},"7":{"start":{"line":17,"column":4},"end":{"line":27,"column":null}},"8":{"start":{"line":18,"column":18},"end":{"line":18,"column":null}},"9":{"start":{"line":19,"column":6},"end":{"line":19,"column":null}},"10":{"start":{"line":19,"column":19},"end":{"line":19,"column":null}},"11":{"start":{"line":20,"column":19},"end":{"line":20,"column":null}},"12":{"start":{"line":21,"column":6},"end":{"line":21,"column":null}},"13":{"start":{"line":22,"column":6},"end":{"line":22,"column":null}},"14":{"start":{"line":24,"column":6},"end":{"line":24,"column":null}},"15":{"start":{"line":26,"column":6},"end":{"line":26,"column":null}},"16":{"start":{"line":30,"column":2},"end":{"line":32,"column":null}},"17":{"start":{"line":31,"column":4},"end":{"line":31,"column":null}},"18":{"start":{"line":35,"column":20},"end":{"line":76,"column":null}},"19":{"start":{"line":36,"column":4},"end":{"line":36,"column":null}},"20":{"start":{"line":36,"column":15},"end":{"line":36,"column":null}},"21":{"start":{"line":39,"column":25},"end":{"line":39,"column":null}},"22":{"start":{"line":40,"column":30},"end":{"line":43,"column":null}},"23":{"start":{"line":41,"column":16},"end":{"line":42,"column":null}},"24":{"start":{"line":45,"column":4},"end":{"line":56,"column":null}},"25":{"start":{"line":47,"column":27},"end":{"line":47,"column":null}},"26":{"start":{"line":48,"column":6},"end":{"line":51,"column":null}},"27":{"start":{"line":52,"column":6},"end":{"line":52,"column":null}},"28":{"start":{"line":55,"column":6},"end":{"line":55,"column":null}},"29":{"start":{"line":58,"column":4},"end":{"line":75,"column":null}},"30":{"start":{"line":59,"column":18},"end":{"line":59,"column":null}},"31":{"start":{"line":60,"column":18},"end":{"line":64,"column":null}},"32":{"start":{"line":66,"column":6},"end":{"line":66,"column":null}},"33":{"start":{"line":66,"column":19},"end":{"line":66,"column":null}},"34":{"start":{"line":67,"column":22},"end":{"line":67,"column":null}},"35":{"start":{"line":68,"column":6},"end":{"line":68,"column":null}},"36":{"start":{"line":69,"column":6},"end":{"line":69,"column":null}},"37":{"start":{"line":72,"column":6},"end":{"line":72,"column":null}},"38":{"start":{"line":73,"column":6},"end":{"line":73,"column":null}},"39":{"start":{"line":74,"column":6},"end":{"line":74,"column":null}},"40":{"start":{"line":79,"column":25},"end":{"line":109,"column":null}},"41":{"start":{"line":84,"column":4},"end":{"line":84,"column":null}},"42":{"start":{"line":84,"column":36},"end":{"line":84,"column":null}},"43":{"start":{"line":87,"column":25},"end":{"line":87,"column":null}},"44":{"start":{"line":88,"column":25},"end":{"line":92,"column":null}},"45":{"start":{"line":89,"column":6},"end":{"line":91,"column":null}},"46":{"start":{"line":93,"column":4},"end":{"line":93,"column":null}},"47":{"start":{"line":95,"column":4},"end":{"line":108,"column":null}},"48":{"start":{"line":96,"column":18},"end":{"line":96,"column":null}},"49":{"start":{"line":97,"column":18},"end":{"line":97,"column":null}},"50":{"start":{"line":99,"column":6},"end":{"line":99,"column":null}},"51":{"start":{"line":99,"column":19},"end":{"line":99,"column":null}},"52":{"start":{"line":100,"column":22},"end":{"line":100,"column":null}},"53":{"start":{"line":101,"column":6},"end":{"line":101,"column":null}},"54":{"start":{"line":102,"column":6},"end":{"line":102,"column":null}},"55":{"start":{"line":105,"column":6},"end":{"line":105,"column":null}},"56":{"start":{"line":106,"column":6},"end":{"line":106,"column":null}},"57":{"start":{"line":107,"column":6},"end":{"line":107,"column":null}},"58":{"start":{"line":112,"column":25},"end":{"line":136,"column":null}},"59":{"start":{"line":113,"column":4},"end":{"line":113,"column":null}},"60":{"start":{"line":113,"column":15},"end":{"line":113,"column":null}},"61":{"start":{"line":116,"column":25},"end":{"line":116,"column":null}},"62":{"start":{"line":117,"column":25},"end":{"line":119,"column":null}},"63":{"start":{"line":118,"column":16},"end":{"line":118,"column":null}},"64":{"start":{"line":120,"column":4},"end":{"line":120,"column":null}},"65":{"start":{"line":122,"column":4},"end":{"line":135,"column":null}},"66":{"start":{"line":123,"column":18},"end":{"line":123,"column":null}},"67":{"start":{"line":124,"column":18},"end":{"line":124,"column":null}},"68":{"start":{"line":126,"column":6},"end":{"line":126,"column":null}},"69":{"start":{"line":126,"column":19},"end":{"line":126,"column":null}},"70":{"start":{"line":127,"column":22},"end":{"line":127,"column":null}},"71":{"start":{"line":128,"column":6},"end":{"line":128,"column":null}},"72":{"start":{"line":129,"column":6},"end":{"line":129,"column":null}},"73":{"start":{"line":132,"column":6},"end":{"line":132,"column":null}},"74":{"start":{"line":133,"column":6},"end":{"line":133,"column":null}},"75":{"start":{"line":134,"column":6},"end":{"line":134,"column":null}},"76":{"start":{"line":139,"column":20},"end":{"line":158,"column":null}},"77":{"start":{"line":140,"column":4},"end":{"line":140,"column":null}},"78":{"start":{"line":140,"column":15},"end":{"line":140,"column":null}},"79":{"start":{"line":143,"column":25},"end":{"line":143,"column":null}},"80":{"start":{"line":144,"column":4},"end":{"line":144,"column":null}},"81":{"start":{"line":146,"column":4},"end":{"line":157,"column":null}},"82":{"start":{"line":147,"column":18},"end":{"line":147,"column":null}},"83":{"start":{"line":148,"column":18},"end":{"line":148,"column":null}},"84":{"start":{"line":150,"column":6},"end":{"line":150,"column":null}},"85":{"start":{"line":150,"column":41},"end":{"line":150,"column":null}},"86":{"start":{"line":151,"column":6},"end":{"line":151,"column":null}},"87":{"start":{"line":154,"column":6},"end":{"line":154,"column":null}},"88":{"start":{"line":155,"column":6},"end":{"line":155,"column":null}},"89":{"start":{"line":156,"column":6},"end":{"line":156,"column":null}},"90":{"start":{"line":160,"column":2},"end":{"line":169,"column":null}}},"fnMap":{"0":{"name":"useCart","decl":{"start":{"line":7,"column":16},"end":{"line":7,"column":26}},"loc":{"start":{"line":7,"column":26},"end":{"line":170,"column":null}},"line":7},"1":{"name":"(anonymous_1)","decl":{"start":{"line":15,"column":32},"end":{"line":15,"column":44}},"loc":{"start":{"line":15,"column":44},"end":{"line":28,"column":5}},"line":15},"2":{"name":"(anonymous_2)","decl":{"start":{"line":30,"column":12},"end":{"line":30,"column":18}},"loc":{"start":{"line":30,"column":18},"end":{"line":32,"column":5}},"line":30},"3":{"name":"(anonymous_3)","decl":{"start":{"line":35,"column":20},"end":{"line":35,"column":27}},"loc":{"start":{"line":35,"column":50},"end":{"line":76,"column":null}},"line":35},"4":{"name":"(anonymous_4)","decl":{"start":{"line":41,"column":6},"end":{"line":41,"column":7}},"loc":{"start":{"line":41,"column":16},"end":{"line":42,"column":null}},"line":41},"5":{"name":"(anonymous_5)","decl":{"start":{"line":79,"column":25},"end":{"line":79,"column":null}},"loc":{"start":{"line":83,"column":7},"end":{"line":109,"column":null}},"line":83},"6":{"name":"(anonymous_6)","decl":{"start":{"line":88,"column":40},"end":{"line":88,"column":41}},"loc":{"start":{"line":89,"column":6},"end":{"line":91,"column":null}},"line":89},"7":{"name":"(anonymous_7)","decl":{"start":{"line":112,"column":25},"end":{"line":112,"column":32}},"loc":{"start":{"line":112,"column":83},"end":{"line":136,"column":null}},"line":112},"8":{"name":"(anonymous_8)","decl":{"start":{"line":118,"column":6},"end":{"line":118,"column":7}},"loc":{"start":{"line":118,"column":16},"end":{"line":118,"column":null}},"line":118},"9":{"name":"(anonymous_9)","decl":{"start":{"line":139,"column":20},"end":{"line":139,"column":32}},"loc":{"start":{"line":139,"column":32},"end":{"line":158,"column":null}},"line":139}},"branchMap":{"0":{"loc":{"start":{"line":19,"column":6},"end":{"line":19,"column":null}},"type":"if","locations":[{"start":{"line":19,"column":6},"end":{"line":19,"column":null}},{"start":{},"end":{}}],"line":19},"1":{"loc":{"start":{"line":36,"column":4},"end":{"line":36,"column":null}},"type":"if","locations":[{"start":{"line":36,"column":4},"end":{"line":36,"column":null}},{"start":{},"end":{}}],"line":36},"2":{"loc":{"start":{"line":41,"column":16},"end":{"line":42,"column":null}},"type":"binary-expr","locations":[{"start":{"line":41,"column":16},"end":{"line":41,"column":null}},{"start":{"line":42,"column":16},"end":{"line":42,"column":null}}],"line":41},"3":{"loc":{"start":{"line":45,"column":4},"end":{"line":56,"column":null}},"type":"if","locations":[{"start":{"line":45,"column":4},"end":{"line":56,"column":null}},{"start":{"line":53,"column":11},"end":{"line":56,"column":null}}],"line":45},"4":{"loc":{"start":{"line":66,"column":6},"end":{"line":66,"column":null}},"type":"if","locations":[{"start":{"line":66,"column":6},"end":{"line":66,"column":null}},{"start":{},"end":{}}],"line":66},"5":{"loc":{"start":{"line":84,"column":4},"end":{"line":84,"column":null}},"type":"if","locations":[{"start":{"line":84,"column":4},"end":{"line":84,"column":null}},{"start":{},"end":{}}],"line":84},"6":{"loc":{"start":{"line":84,"column":8},"end":{"line":84,"column":36}},"type":"binary-expr","locations":[{"start":{"line":84,"column":8},"end":{"line":84,"column":17}},{"start":{"line":84,"column":17},"end":{"line":84,"column":36}}],"line":84},"7":{"loc":{"start":{"line":89,"column":6},"end":{"line":91,"column":null}},"type":"cond-expr","locations":[{"start":{"line":90,"column":10},"end":{"line":90,"column":null}},{"start":{"line":91,"column":10},"end":{"line":91,"column":null}}],"line":89},"8":{"loc":{"start":{"line":89,"column":6},"end":{"line":89,"column":null}},"type":"binary-expr","locations":[{"start":{"line":89,"column":6},"end":{"line":89,"column":40}},{"start":{"line":89,"column":40},"end":{"line":89,"column":null}}],"line":89},"9":{"loc":{"start":{"line":96,"column":70},"end":{"line":96,"column":85}},"type":"binary-expr","locations":[{"start":{"line":96,"column":70},"end":{"line":96,"column":84}},{"start":{"line":96,"column":84},"end":{"line":96,"column":85}}],"line":96},"10":{"loc":{"start":{"line":99,"column":6},"end":{"line":99,"column":null}},"type":"if","locations":[{"start":{"line":99,"column":6},"end":{"line":99,"column":null}},{"start":{},"end":{}}],"line":99},"11":{"loc":{"start":{"line":113,"column":4},"end":{"line":113,"column":null}},"type":"if","locations":[{"start":{"line":113,"column":4},"end":{"line":113,"column":null}},{"start":{},"end":{}}],"line":113},"12":{"loc":{"start":{"line":118,"column":18},"end":{"line":118,"column":null}},"type":"binary-expr","locations":[{"start":{"line":118,"column":18},"end":{"line":118,"column":52}},{"start":{"line":118,"column":52},"end":{"line":118,"column":null}}],"line":118},"13":{"loc":{"start":{"line":123,"column":70},"end":{"line":123,"column":85}},"type":"binary-expr","locations":[{"start":{"line":123,"column":70},"end":{"line":123,"column":84}},{"start":{"line":123,"column":84},"end":{"line":123,"column":85}}],"line":123},"14":{"loc":{"start":{"line":126,"column":6},"end":{"line":126,"column":null}},"type":"if","locations":[{"start":{"line":126,"column":6},"end":{"line":126,"column":null}},{"start":{},"end":{}}],"line":126},"15":{"loc":{"start":{"line":140,"column":4},"end":{"line":140,"column":null}},"type":"if","locations":[{"start":{"line":140,"column":4},"end":{"line":140,"column":null}},{"start":{},"end":{}}],"line":140},"16":{"loc":{"start":{"line":150,"column":6},"end":{"line":150,"column":null}},"type":"if","locations":[{"start":{"line":150,"column":6},"end":{"line":150,"column":null}},{"start":{},"end":{}}],"line":150},"17":{"loc":{"start":{"line":150,"column":10},"end":{"line":150,"column":41}},"type":"binary-expr","locations":[{"start":{"line":150,"column":10},"end":{"line":150,"column":21}},{"start":{"line":150,"column":21},"end":{"line":150,"column":41}}],"line":150}},"s":{"0":26,"1":26,"2":26,"3":26,"4":26,"5":26,"6":7,"7":7,"8":7,"9":7,"10":1,"11":6,"12":6,"13":6,"14":1,"15":7,"16":26,"17":7,"18":26,"19":2,"20":0,"21":2,"22":2,"23":2,"24":2,"25":0,"26":0,"27":0,"28":2,"29":2,"30":2,"31":2,"32":2,"33":1,"34":1,"35":1,"36":1,"37":1,"38":1,"39":1,"40":26,"41":1,"42":0,"43":1,"44":1,"45":1,"46":1,"47":1,"48":1,"49":1,"50":1,"51":0,"52":1,"53":1,"54":1,"55":0,"56":0,"57":0,"58":26,"59":1,"60":0,"61":1,"62":1,"63":1,"64":1,"65":1,"66":1,"67":1,"68":1,"69":0,"70":1,"71":1,"72":1,"73":0,"74":0,"75":0,"76":26,"77":1,"78":0,"79":1,"80":1,"81":1,"82":1,"83":1,"84":1,"85":0,"86":1,"87":0,"88":0,"89":0,"90":26},"f":{"0":26,"1":7,"2":7,"3":2,"4":2,"5":1,"6":1,"7":1,"8":1,"9":1},"b":{"0":[1,6],"1":[0,2],"2":[2,0],"3":[0,2],"4":[1,1],"5":[0,1],"6":[1,1],"7":[1,0],"8":[1,1],"9":[1,1],"10":[0,1],"11":[0,1],"12":[1,1],"13":[1,1],"14":[0,1],"15":[0,1],"16":[0,1],"17":[1,0]},"meta":{"lastBranch":18,"lastFunction":10,"lastStatement":91,"seen":{"f:7:16:7:26":0,"s:8:18:8:Infinity":0,"s:9:17:9:Infinity":1,"s:10:22:10:Infinity":2,"s:11:28:11:Infinity":3,"s:12:24:12:Infinity":4,"s:15:8:28:Infinity":5,"f:15:32:15:44":1,"s:16:4:16:Infinity":6,"s:17:4:27:Infinity":7,"s:18:18:18:Infinity":8,"b:19:6:19:Infinity:undefined:undefined:undefined:undefined":0,"s:19:6:19:Infinity":9,"s:19:19:19:Infinity":10,"s:20:19:20:Infinity":11,"s:21:6:21:Infinity":12,"s:22:6:22:Infinity":13,"s:24:6:24:Infinity":14,"s:26:6:26:Infinity":15,"s:30:2:32:Infinity":16,"f:30:12:30:18":2,"s:31:4:31:Infinity":17,"s:35:20:76:Infinity":18,"f:35:20:35:27":3,"b:36:4:36:Infinity:undefined:undefined:undefined:undefined":1,"s:36:4:36:Infinity":19,"s:36:15:36:Infinity":20,"s:39:25:39:Infinity":21,"s:40:30:43:Infinity":22,"f:41:6:41:7":4,"s:41:16:42:Infinity":23,"b:41:16:41:Infinity:42:16:42:Infinity":2,"b:45:4:56:Infinity:53:11:56:Infinity":3,"s:45:4:56:Infinity":24,"s:47:27:47:Infinity":25,"s:48:6:51:Infinity":26,"s:52:6:52:Infinity":27,"s:55:6:55:Infinity":28,"s:58:4:75:Infinity":29,"s:59:18:59:Infinity":30,"s:60:18:64:Infinity":31,"b:66:6:66:Infinity:undefined:undefined:undefined:undefined":4,"s:66:6:66:Infinity":32,"s:66:19:66:Infinity":33,"s:67:22:67:Infinity":34,"s:68:6:68:Infinity":35,"s:69:6:69:Infinity":36,"s:72:6:72:Infinity":37,"s:73:6:73:Infinity":38,"s:74:6:74:Infinity":39,"s:79:25:109:Infinity":40,"f:79:25:79:Infinity":5,"b:84:4:84:Infinity:undefined:undefined:undefined:undefined":5,"s:84:4:84:Infinity":41,"b:84:8:84:17:84:17:84:36":6,"s:84:36:84:Infinity":42,"s:87:25:87:Infinity":43,"s:88:25:92:Infinity":44,"f:88:40:88:41":6,"s:89:6:91:Infinity":45,"b:90:10:90:Infinity:91:10:91:Infinity":7,"b:89:6:89:40:89:40:89:Infinity":8,"s:93:4:93:Infinity":46,"s:95:4:108:Infinity":47,"s:96:18:96:Infinity":48,"b:96:70:96:84:96:84:96:85":9,"s:97:18:97:Infinity":49,"b:99:6:99:Infinity:undefined:undefined:undefined:undefined":10,"s:99:6:99:Infinity":50,"s:99:19:99:Infinity":51,"s:100:22:100:Infinity":52,"s:101:6:101:Infinity":53,"s:102:6:102:Infinity":54,"s:105:6:105:Infinity":55,"s:106:6:106:Infinity":56,"s:107:6:107:Infinity":57,"s:112:25:136:Infinity":58,"f:112:25:112:32":7,"b:113:4:113:Infinity:undefined:undefined:undefined:undefined":11,"s:113:4:113:Infinity":59,"s:113:15:113:Infinity":60,"s:116:25:116:Infinity":61,"s:117:25:119:Infinity":62,"f:118:6:118:7":8,"s:118:16:118:Infinity":63,"b:118:18:118:52:118:52:118:Infinity":12,"s:120:4:120:Infinity":64,"s:122:4:135:Infinity":65,"s:123:18:123:Infinity":66,"b:123:70:123:84:123:84:123:85":13,"s:124:18:124:Infinity":67,"b:126:6:126:Infinity:undefined:undefined:undefined:undefined":14,"s:126:6:126:Infinity":68,"s:126:19:126:Infinity":69,"s:127:22:127:Infinity":70,"s:128:6:128:Infinity":71,"s:129:6:129:Infinity":72,"s:132:6:132:Infinity":73,"s:133:6:133:Infinity":74,"s:134:6:134:Infinity":75,"s:139:20:158:Infinity":76,"f:139:20:139:32":9,"b:140:4:140:Infinity:undefined:undefined:undefined:undefined":15,"s:140:4:140:Infinity":77,"s:140:15:140:Infinity":78,"s:143:25:143:Infinity":79,"s:144:4:144:Infinity":80,"s:146:4:157:Infinity":81,"s:147:18:147:Infinity":82,"s:148:18:148:Infinity":83,"b:150:6:150:Infinity:undefined:undefined:undefined:undefined":16,"s:150:6:150:Infinity":84,"b:150:10:150:21:150:21:150:41":17,"s:150:41:150:Infinity":85,"s:151:6:151:Infinity":86,"s:154:6:154:Infinity":87,"s:155:6:155:Infinity":88,"s:156:6:156:Infinity":89,"s:160:2:169:Infinity":90}}}
,"C:\\Users\\luedu\\OneDrive\\Desktop\\Luis\\Estudios\\Taller web\\ecommerce-store\\src\\modules\\cart-checkout\\hooks\\useUserLocation.ts": {"path":"C:\\Users\\luedu\\OneDrive\\Desktop\\Luis\\Estudios\\Taller web\\ecommerce-store\\src\\modules\\cart-checkout\\hooks\\useUserLocation.ts","statementMap":{"0":{"start":{"line":5,"column":30},"end":{"line":10,"column":null}},"1":{"start":{"line":12,"column":2},"end":{"line":54,"column":null}},"2":{"start":{"line":14,"column":6},"end":{"line":50,"column":null}},"3":{"start":{"line":15,"column":8},"end":{"line":42,"column":null}},"4":{"start":{"line":16,"column":10},"end":{"line":39,"column":null}},"5":{"start":{"line":18,"column":14},"end":{"line":23,"column":null}},"6":{"start":{"line":26,"column":30},"end":{"line":26,"column":null}},"7":{"start":{"line":27,"column":26},"end":{"line":27,"column":null}},"8":{"start":{"line":28,"column":27},"end":{"line":28,"column":null}},"9":{"start":{"line":30,"column":14},"end":{"line":30,"column":null}},"10":{"start":{"line":30,"column":30},"end":{"line":30,"column":null}},"11":{"start":{"line":31,"column":14},"end":{"line":36,"column":null}},"12":{"start":{"line":41,"column":10},"end":{"line":41,"column":null}},"13":{"start":{"line":44,"column":8},"end":{"line":49,"column":null}},"14":{"start":{"line":53,"column":4},"end":{"line":53,"column":null}},"15":{"start":{"line":56,"column":2},"end":{"line":56,"column":null}}},"fnMap":{"0":{"name":"useUserLocation","decl":{"start":{"line":4,"column":16},"end":{"line":4,"column":48}},"loc":{"start":{"line":4,"column":48},"end":{"line":57,"column":null}},"line":4},"1":{"name":"(anonymous_1)","decl":{"start":{"line":12,"column":12},"end":{"line":12,"column":18}},"loc":{"start":{"line":12,"column":18},"end":{"line":54,"column":5}},"line":12},"2":{"name":"getLocation","decl":{"start":{"line":13,"column":19},"end":{"line":13,"column":33}},"loc":{"start":{"line":13,"column":33},"end":{"line":51,"column":null}},"line":13},"3":{"name":"(anonymous_3)","decl":{"start":{"line":17,"column":12},"end":{"line":17,"column":13}},"loc":{"start":{"line":17,"column":21},"end":{"line":24,"column":null}},"line":17},"4":{"name":"(anonymous_4)","decl":{"start":{"line":25,"column":12},"end":{"line":25,"column":24}},"loc":{"start":{"line":25,"column":24},"end":{"line":37,"column":null}},"line":25}},"branchMap":{"0":{"loc":{"start":{"line":15,"column":8},"end":{"line":42,"column":null}},"type":"if","locations":[{"start":{"line":15,"column":8},"end":{"line":42,"column":null}},{"start":{"line":40,"column":15},"end":{"line":42,"column":null}}],"line":15},"1":{"loc":{"start":{"line":30,"column":14},"end":{"line":30,"column":null}},"type":"if","locations":[{"start":{"line":30,"column":14},"end":{"line":30,"column":null}},{"start":{},"end":{}}],"line":30}},"s":{"0":6,"1":6,"2":3,"3":3,"4":2,"5":1,"6":1,"7":1,"8":1,"9":1,"10":0,"11":1,"12":1,"13":1,"14":3,"15":6},"f":{"0":6,"1":3,"2":3,"3":1,"4":1},"b":{"0":[2,1],"1":[0,1]},"meta":{"lastBranch":2,"lastFunction":5,"lastStatement":16,"seen":{"f:4:16:4:48":0,"s:5:30:10:Infinity":0,"s:12:2:54:Infinity":1,"f:12:12:12:18":1,"f:13:19:13:33":2,"s:14:6:50:Infinity":2,"b:15:8:42:Infinity:40:15:42:Infinity":0,"s:15:8:42:Infinity":3,"s:16:10:39:Infinity":4,"f:17:12:17:13":3,"s:18:14:23:Infinity":5,"f:25:12:25:24":4,"s:26:30:26:Infinity":6,"s:27:26:27:Infinity":7,"s:28:27:28:Infinity":8,"b:30:14:30:Infinity:undefined:undefined:undefined:undefined":1,"s:30:14:30:Infinity":9,"s:30:30:30:Infinity":10,"s:31:14:36:Infinity":11,"s:41:10:41:Infinity":12,"s:44:8:49:Infinity":13,"s:53:4:53:Infinity":14,"s:56:2:56:Infinity":15}}}
}
