{"C:\\Users\\luedu\\OneDrive\\Desktop\\Luis\\Estudios\\Taller web\\ecommerce-store\\src\\modules\\cart-checkout\\components\\carrierSelection.tsx": {"path":"C:\\Users\\luedu\\OneDrive\\Desktop\\Luis\\Estudios\\Taller web\\ecommerce-store\\src\\modules\\cart-checkout\\components\\carrierSelection.tsx","statementMap":{"0":{"start":{"line":29,"column":30},"end":{"line":29,"column":null}},"1":{"start":{"line":30,"column":28},"end":{"line":30,"column":null}},"2":{"start":{"line":31,"column":30},"end":{"line":31,"column":null}},"3":{"start":{"line":32,"column":24},"end":{"line":32,"column":null}},"4":{"start":{"line":33,"column":40},"end":{"line":33,"column":null}},"5":{"start":{"line":35,"column":8},"end":{"line":35,"column":null}},"6":{"start":{"line":37,"column":8},"end":{"line":37,"column":null}},"7":{"start":{"line":38,"column":8},"end":{"line":38,"column":null}},"8":{"start":{"line":41,"column":14},"end":{"line":41,"column":null}},"9":{"start":{"line":42,"column":14},"end":{"line":42,"column":null}},"10":{"start":{"line":43,"column":26},"end":{"line":43,"column":null}},"11":{"start":{"line":44,"column":24},"end":{"line":44,"column":null}},"12":{"start":{"line":46,"column":2},"end":{"line":106,"column":null}},"13":{"start":{"line":47,"column":4},"end":{"line":49,"column":null}},"14":{"start":{"line":48,"column":6},"end":{"line":48,"column":null}},"15":{"start":{"line":51,"column":23},"end":{"line":51,"column":null}},"16":{"start":{"line":53,"column":4},"end":{"line":55,"column":null}},"17":{"start":{"line":54,"column":6},"end":{"line":54,"column":null}},"18":{"start":{"line":58,"column":6},"end":{"line":58,"column":null}},"19":{"start":{"line":59,"column":6},"end":{"line":59,"column":null}},"20":{"start":{"line":61,"column":6},"end":{"line":102,"column":null}},"21":{"start":{"line":62,"column":26},"end":{"line":65,"column":null}},"22":{"start":{"line":62,"column":46},"end":{"line":65,"column":10}},"23":{"start":{"line":67,"column":20},"end":{"line":79,"column":null}},"24":{"start":{"line":81,"column":8},"end":{"line":83,"column":null}},"25":{"start":{"line":82,"column":10},"end":{"line":82,"column":null}},"26":{"start":{"line":85,"column":44},"end":{"line":85,"column":null}},"27":{"start":{"line":87,"column":8},"end":{"line":87,"column":null}},"28":{"start":{"line":89,"column":8},"end":{"line":93,"column":null}},"29":{"start":{"line":90,"column":10},"end":{"line":90,"column":null}},"30":{"start":{"line":92,"column":10},"end":{"line":92,"column":null}},"31":{"start":{"line":95,"column":8},"end":{"line":95,"column":null}},"32":{"start":{"line":96,"column":8},"end":{"line":96,"column":null}},"33":{"start":{"line":98,"column":8},"end":{"line":98,"column":null}},"34":{"start":{"line":99,"column":8},"end":{"line":99,"column":null}},"35":{"start":{"line":101,"column":8},"end":{"line":101,"column":null}},"36":{"start":{"line":105,"column":4},"end":{"line":105,"column":null}},"37":{"start":{"line":108,"column":33},"end":{"line":118,"column":null}},"38":{"start":{"line":109,"column":4},"end":{"line":109,"column":null}},"39":{"start":{"line":111,"column":4},"end":{"line":117,"column":null}},"40":{"start":{"line":112,"column":6},"end":{"line":116,"column":null}},"41":{"start":{"line":120,"column":21},"end":{"line":127,"column":null}},"42":{"start":{"line":121,"column":17},"end":{"line":121,"column":null}},"43":{"start":{"line":122,"column":4},"end":{"line":126,"column":null}},"44":{"start":{"line":129,"column":2},"end":{"line":137,"column":null}},"45":{"start":{"line":130,"column":4},"end":{"line":135,"column":null}},"46":{"start":{"line":139,"column":2},"end":{"line":148,"column":null}},"47":{"start":{"line":140,"column":4},"end":{"line":146,"column":null}},"48":{"start":{"line":150,"column":2},"end":{"line":231,"column":null}},"49":{"start":{"line":164,"column":12},"end":{"line":223,"column":null}},"50":{"start":{"line":166,"column":29},"end":{"line":166,"column":null}}},"fnMap":{"0":{"name":"CarrierSelection","decl":{"start":{"line":24,"column":24},"end":{"line":24,"column":41}},"loc":{"start":{"line":28,"column":26},"end":{"line":233,"column":null}},"line":28},"1":{"name":"(anonymous_1)","decl":{"start":{"line":46,"column":12},"end":{"line":46,"column":18}},"loc":{"start":{"line":46,"column":18},"end":{"line":106,"column":5}},"line":46},"2":{"name":"fetchCarriers","decl":{"start":{"line":57,"column":19},"end":{"line":57,"column":35}},"loc":{"start":{"line":57,"column":35},"end":{"line":103,"column":null}},"line":57},"3":{"name":"(anonymous_3)","decl":{"start":{"line":62,"column":35},"end":{"line":62,"column":36}},"loc":{"start":{"line":62,"column":46},"end":{"line":65,"column":10}},"line":62},"4":{"name":"(anonymous_4)","decl":{"start":{"line":108,"column":33},"end":{"line":108,"column":34}},"loc":{"start":{"line":108,"column":55},"end":{"line":118,"column":null}},"line":108},"5":{"name":"(anonymous_5)","decl":{"start":{"line":120,"column":21},"end":{"line":120,"column":22}},"loc":{"start":{"line":120,"column":45},"end":{"line":127,"column":null}},"line":120},"6":{"name":"(anonymous_6)","decl":{"start":{"line":163,"column":24},"end":{"line":163,"column":25}},"loc":{"start":{"line":164,"column":12},"end":{"line":223,"column":null}},"line":164},"7":{"name":"(anonymous_7)","decl":{"start":{"line":166,"column":23},"end":{"line":166,"column":29}},"loc":{"start":{"line":166,"column":29},"end":{"line":166,"column":null}},"line":166}},"branchMap":{"0":{"loc":{"start":{"line":41,"column":14},"end":{"line":41,"column":null}},"type":"binary-expr","locations":[{"start":{"line":41,"column":14},"end":{"line":41,"column":41}},{"start":{"line":41,"column":41},"end":{"line":41,"column":null}}],"line":41},"1":{"loc":{"start":{"line":42,"column":14},"end":{"line":42,"column":null}},"type":"binary-expr","locations":[{"start":{"line":42,"column":14},"end":{"line":42,"column":41}},{"start":{"line":42,"column":41},"end":{"line":42,"column":null}}],"line":42},"2":{"loc":{"start":{"line":47,"column":4},"end":{"line":49,"column":null}},"type":"if","locations":[{"start":{"line":47,"column":4},"end":{"line":49,"column":null}},{"start":{},"end":{}}],"line":47},"3":{"loc":{"start":{"line":47,"column":8},"end":{"line":47,"column":71}},"type":"binary-expr","locations":[{"start":{"line":47,"column":8},"end":{"line":47,"column":27}},{"start":{"line":47,"column":27},"end":{"line":47,"column":35}},{"start":{"line":47,"column":35},"end":{"line":47,"column":43}},{"start":{"line":47,"column":43},"end":{"line":47,"column":52}},{"start":{"line":47,"column":52},"end":{"line":47,"column":71}}],"line":47},"4":{"loc":{"start":{"line":53,"column":4},"end":{"line":55,"column":null}},"type":"if","locations":[{"start":{"line":53,"column":4},"end":{"line":55,"column":null}},{"start":{},"end":{}}],"line":53},"5":{"loc":{"start":{"line":53,"column":8},"end":{"line":53,"column":72}},"type":"binary-expr","locations":[{"start":{"line":53,"column":8},"end":{"line":53,"column":33}},{"start":{"line":53,"column":33},"end":{"line":53,"column":72}}],"line":53},"6":{"loc":{"start":{"line":75,"column":33},"end":{"line":75,"column":null}},"type":"binary-expr","locations":[{"start":{"line":75,"column":33},"end":{"line":75,"column":66}},{"start":{"line":75,"column":66},"end":{"line":75,"column":null}}],"line":75},"7":{"loc":{"start":{"line":81,"column":8},"end":{"line":83,"column":null}},"type":"if","locations":[{"start":{"line":81,"column":8},"end":{"line":83,"column":null}},{"start":{},"end":{}}],"line":81},"8":{"loc":{"start":{"line":89,"column":8},"end":{"line":93,"column":null}},"type":"if","locations":[{"start":{"line":89,"column":8},"end":{"line":93,"column":null}},{"start":{"line":91,"column":15},"end":{"line":93,"column":null}}],"line":89},"9":{"loc":{"start":{"line":111,"column":4},"end":{"line":117,"column":null}},"type":"if","locations":[{"start":{"line":111,"column":4},"end":{"line":117,"column":null}},{"start":{},"end":{}}],"line":111},"10":{"loc":{"start":{"line":111,"column":8},"end":{"line":111,"column":42}},"type":"binary-expr","locations":[{"start":{"line":111,"column":8},"end":{"line":111,"column":25}},{"start":{"line":111,"column":25},"end":{"line":111,"column":42}}],"line":111},"11":{"loc":{"start":{"line":129,"column":2},"end":{"line":137,"column":null}},"type":"if","locations":[{"start":{"line":129,"column":2},"end":{"line":137,"column":null}},{"start":{},"end":{}}],"line":129},"12":{"loc":{"start":{"line":139,"column":2},"end":{"line":148,"column":null}},"type":"if","locations":[{"start":{"line":139,"column":2},"end":{"line":148,"column":null}},{"start":{},"end":{}}],"line":139},"13":{"loc":{"start":{"line":152,"column":7},"end":{"line":229,"column":null}},"type":"cond-expr","locations":[{"start":{"line":153,"column":8},"end":{"line":155,"column":null}},{"start":{"line":156,"column":10},"end":{"line":229,"column":null}}],"line":152},"14":{"loc":{"start":{"line":156,"column":10},"end":{"line":229,"column":null}},"type":"cond-expr","locations":[{"start":{"line":157,"column":8},"end":{"line":157,"column":null}},{"start":{"line":158,"column":10},"end":{"line":229,"column":null}}],"line":156},"15":{"loc":{"start":{"line":158,"column":10},"end":{"line":229,"column":null}},"type":"cond-expr","locations":[{"start":{"line":159,"column":8},"end":{"line":225,"column":null}},{"start":{"line":227,"column":8},"end":{"line":229,"column":null}}],"line":158},"16":{"loc":{"start":{"line":161,"column":31},"end":{"line":161,"column":77}},"type":"cond-expr","locations":[{"start":{"line":161,"column":55},"end":{"line":161,"column":66}},{"start":{"line":161,"column":66},"end":{"line":161,"column":77}}],"line":161},"17":{"loc":{"start":{"line":169,"column":18},"end":{"line":171,"column":null}},"type":"cond-expr","locations":[{"start":{"line":170,"column":22},"end":{"line":170,"column":null}},{"start":{"line":171,"column":22},"end":{"line":171,"column":null}}],"line":169},"18":{"loc":{"start":{"line":176,"column":19},"end":{"line":181,"column":null}},"type":"binary-expr","locations":[{"start":{"line":176,"column":19},"end":{"line":176,"column":null}},{"start":{"line":177,"column":20},"end":{"line":181,"column":null}}],"line":176},"19":{"loc":{"start":{"line":215,"column":15},"end":{"line":221,"column":null}},"type":"binary-expr","locations":[{"start":{"line":215,"column":15},"end":{"line":215,"column":null}},{"start":{"line":216,"column":16},"end":{"line":221,"column":null}}],"line":215}},"s":{"0":12,"1":12,"2":12,"3":12,"4":12,"5":12,"6":12,"7":12,"8":12,"9":12,"10":12,"11":12,"12":12,"13":5,"14":2,"15":3,"16":3,"17":0,"18":3,"19":3,"20":3,"21":3,"22":3,"23":3,"24":3,"25":0,"26":3,"27":3,"28":3,"29":3,"30":0,"31":3,"32":3,"33":0,"34":0,"35":3,"36":3,"37":12,"38":1,"39":1,"40":1,"41":12,"42":4,"43":4,"44":12,"45":1,"46":11,"47":1,"48":10,"49":4,"50":1},"f":{"0":12,"1":5,"2":3,"3":3,"4":1,"5":4,"6":4,"7":1},"b":{"0":[12,9],"1":[12,9],"2":[2,3],"3":[5,4,3,3,3],"4":[0,3],"5":[3,0],"6":[3,2],"7":[0,3],"8":[3,0],"9":[1,0],"10":[1,1],"11":[1,11],"12":[1,10],"13":[3,7],"14":[0,7],"15":[4,3],"16":[4,0],"17":[1,3],"18":[4,0],"19":[4,1]},"meta":{"lastBranch":20,"lastFunction":8,"lastStatement":51,"seen":{"f:24:24:24:41":0,"s:29:30:29:Infinity":0,"s:30:28:30:Infinity":1,"s:31:30:31:Infinity":2,"s:32:24:32:Infinity":3,"s:33:40:33:Infinity":4,"s:35:8:35:Infinity":5,"s:37:8:37:Infinity":6,"s:38:8:38:Infinity":7,"s:41:14:41:Infinity":8,"b:41:14:41:41:41:41:41:Infinity":0,"s:42:14:42:Infinity":9,"b:42:14:42:41:42:41:42:Infinity":1,"s:43:26:43:Infinity":10,"s:44:24:44:Infinity":11,"s:46:2:106:Infinity":12,"f:46:12:46:18":1,"b:47:4:49:Infinity:undefined:undefined:undefined:undefined":2,"s:47:4:49:Infinity":13,"b:47:8:47:27:47:27:47:35:47:35:47:43:47:43:47:52:47:52:47:71":3,"s:48:6:48:Infinity":14,"s:51:23:51:Infinity":15,"b:53:4:55:Infinity:undefined:undefined:undefined:undefined":4,"s:53:4:55:Infinity":16,"b:53:8:53:33:53:33:53:72":5,"s:54:6:54:Infinity":17,"f:57:19:57:35":2,"s:58:6:58:Infinity":18,"s:59:6:59:Infinity":19,"s:61:6:102:Infinity":20,"s:62:26:65:Infinity":21,"f:62:35:62:36":3,"s:62:46:65:10":22,"s:67:20:79:Infinity":23,"b:75:33:75:66:75:66:75:Infinity":6,"b:81:8:83:Infinity:undefined:undefined:undefined:undefined":7,"s:81:8:83:Infinity":24,"s:82:10:82:Infinity":25,"s:85:44:85:Infinity":26,"s:87:8:87:Infinity":27,"b:89:8:93:Infinity:91:15:93:Infinity":8,"s:89:8:93:Infinity":28,"s:90:10:90:Infinity":29,"s:92:10:92:Infinity":30,"s:95:8:95:Infinity":31,"s:96:8:96:Infinity":32,"s:98:8:98:Infinity":33,"s:99:8:99:Infinity":34,"s:101:8:101:Infinity":35,"s:105:4:105:Infinity":36,"s:108:33:118:Infinity":37,"f:108:33:108:34":4,"s:109:4:109:Infinity":38,"b:111:4:117:Infinity:undefined:undefined:undefined:undefined":9,"s:111:4:117:Infinity":39,"b:111:8:111:25:111:25:111:42":10,"s:112:6:116:Infinity":40,"s:120:21:127:Infinity":41,"f:120:21:120:22":5,"s:121:17:121:Infinity":42,"s:122:4:126:Infinity":43,"b:129:2:137:Infinity:undefined:undefined:undefined:undefined":11,"s:129:2:137:Infinity":44,"s:130:4:135:Infinity":45,"b:139:2:148:Infinity:undefined:undefined:undefined:undefined":12,"s:139:2:148:Infinity":46,"s:140:4:146:Infinity":47,"s:150:2:231:Infinity":48,"b:153:8:155:Infinity:156:10:229:Infinity":13,"b:157:8:157:Infinity:158:10:229:Infinity":14,"b:159:8:225:Infinity:227:8:229:Infinity":15,"b:161:55:161:66:161:66:161:77":16,"f:163:24:163:25":6,"s:164:12:223:Infinity":49,"f:166:23:166:29":7,"s:166:29:166:Infinity":50,"b:170:22:170:Infinity:171:22:171:Infinity":17,"b:176:19:176:Infinity:177:20:181:Infinity":18,"b:215:15:215:Infinity:216:16:221:Infinity":19}}}
,"C:\\Users\\luedu\\OneDrive\\Desktop\\Luis\\Estudios\\Taller web\\ecommerce-store\\src\\modules\\cart-checkout\\components\\pickupSelection.tsx": {"path":"C:\\Users\\luedu\\OneDrive\\Desktop\\Luis\\Estudios\\Taller web\\ecommerce-store\\src\\modules\\cart-checkout\\components\\pickupSelection.tsx","statementMap":{"0":{"start":{"line":23,"column":26},"end":{"line":23,"column":null}},"1":{"start":{"line":24,"column":28},"end":{"line":24,"column":null}},"2":{"start":{"line":25,"column":30},"end":{"line":25,"column":null}},"3":{"start":{"line":26,"column":24},"end":{"line":26,"column":null}},"4":{"start":{"line":27,"column":40},"end":{"line":27,"column":null}},"5":{"start":{"line":29,"column":67},"end":{"line":29,"column":null}},"6":{"start":{"line":31,"column":8},"end":{"line":31,"column":null}},"7":{"start":{"line":32,"column":8},"end":{"line":32,"column":null}},"8":{"start":{"line":34,"column":2},"end":{"line":95,"column":null}},"9":{"start":{"line":36,"column":4},"end":{"line":38,"column":null}},"10":{"start":{"line":37,"column":6},"end":{"line":37,"column":null}},"11":{"start":{"line":40,"column":23},"end":{"line":40,"column":null}},"12":{"start":{"line":40,"column":70},"end":{"line":40,"column":106}},"13":{"start":{"line":42,"column":4},"end":{"line":44,"column":null}},"14":{"start":{"line":43,"column":6},"end":{"line":43,"column":null}},"15":{"start":{"line":47,"column":6},"end":{"line":47,"column":null}},"16":{"start":{"line":48,"column":6},"end":{"line":48,"column":null}},"17":{"start":{"line":50,"column":6},"end":{"line":91,"column":null}},"18":{"start":{"line":51,"column":26},"end":{"line":54,"column":null}},"19":{"start":{"line":51,"column":46},"end":{"line":54,"column":10}},"20":{"start":{"line":56,"column":20},"end":{"line":68,"column":null}},"21":{"start":{"line":70,"column":8},"end":{"line":72,"column":null}},"22":{"start":{"line":71,"column":10},"end":{"line":71,"column":null}},"23":{"start":{"line":74,"column":42},"end":{"line":74,"column":null}},"24":{"start":{"line":76,"column":8},"end":{"line":76,"column":null}},"25":{"start":{"line":78,"column":8},"end":{"line":82,"column":null}},"26":{"start":{"line":79,"column":10},"end":{"line":79,"column":null}},"27":{"start":{"line":81,"column":10},"end":{"line":81,"column":null}},"28":{"start":{"line":84,"column":8},"end":{"line":84,"column":null}},"29":{"start":{"line":85,"column":8},"end":{"line":85,"column":null}},"30":{"start":{"line":87,"column":8},"end":{"line":87,"column":null}},"31":{"start":{"line":88,"column":8},"end":{"line":88,"column":null}},"32":{"start":{"line":90,"column":8},"end":{"line":90,"column":null}},"33":{"start":{"line":94,"column":4},"end":{"line":94,"column":null}},"34":{"start":{"line":97,"column":31},"end":{"line":107,"column":null}},"35":{"start":{"line":98,"column":4},"end":{"line":98,"column":null}},"36":{"start":{"line":100,"column":4},"end":{"line":106,"column":null}},"37":{"start":{"line":101,"column":6},"end":{"line":105,"column":null}},"38":{"start":{"line":109,"column":2},"end":{"line":117,"column":null}},"39":{"start":{"line":110,"column":4},"end":{"line":115,"column":null}},"40":{"start":{"line":119,"column":2},"end":{"line":130,"column":null}},"41":{"start":{"line":120,"column":4},"end":{"line":128,"column":null}},"42":{"start":{"line":132,"column":2},"end":{"line":190,"column":null}},"43":{"start":{"line":146,"column":12},"end":{"line":182,"column":null}},"44":{"start":{"line":148,"column":29},"end":{"line":148,"column":null}}},"fnMap":{"0":{"name":"PickupSelection","decl":{"start":{"line":22,"column":24},"end":{"line":22,"column":40}},"loc":{"start":{"line":22,"column":92},"end":{"line":192,"column":null}},"line":22},"1":{"name":"(anonymous_1)","decl":{"start":{"line":34,"column":12},"end":{"line":34,"column":18}},"loc":{"start":{"line":34,"column":18},"end":{"line":95,"column":5}},"line":34},"2":{"name":"(anonymous_2)","decl":{"start":{"line":40,"column":64},"end":{"line":40,"column":70}},"loc":{"start":{"line":40,"column":70},"end":{"line":40,"column":106}},"line":40},"3":{"name":"fetchStores","decl":{"start":{"line":46,"column":19},"end":{"line":46,"column":33}},"loc":{"start":{"line":46,"column":33},"end":{"line":92,"column":null}},"line":46},"4":{"name":"(anonymous_4)","decl":{"start":{"line":51,"column":35},"end":{"line":51,"column":36}},"loc":{"start":{"line":51,"column":46},"end":{"line":54,"column":10}},"line":51},"5":{"name":"(anonymous_5)","decl":{"start":{"line":97,"column":31},"end":{"line":97,"column":32}},"loc":{"start":{"line":97,"column":49},"end":{"line":107,"column":null}},"line":97},"6":{"name":"(anonymous_6)","decl":{"start":{"line":145,"column":22},"end":{"line":145,"column":23}},"loc":{"start":{"line":146,"column":12},"end":{"line":182,"column":null}},"line":146},"7":{"name":"(anonymous_7)","decl":{"start":{"line":148,"column":23},"end":{"line":148,"column":29}},"loc":{"start":{"line":148,"column":29},"end":{"line":148,"column":null}},"line":148}},"branchMap":{"0":{"loc":{"start":{"line":36,"column":4},"end":{"line":38,"column":null}},"type":"if","locations":[{"start":{"line":36,"column":4},"end":{"line":38,"column":null}},{"start":{},"end":{}}],"line":36},"1":{"loc":{"start":{"line":36,"column":8},"end":{"line":36,"column":71}},"type":"binary-expr","locations":[{"start":{"line":36,"column":8},"end":{"line":36,"column":27}},{"start":{"line":36,"column":27},"end":{"line":36,"column":35}},{"start":{"line":36,"column":35},"end":{"line":36,"column":43}},{"start":{"line":36,"column":43},"end":{"line":36,"column":52}},{"start":{"line":36,"column":52},"end":{"line":36,"column":71}}],"line":36},"2":{"loc":{"start":{"line":42,"column":4},"end":{"line":44,"column":null}},"type":"if","locations":[{"start":{"line":42,"column":4},"end":{"line":44,"column":null}},{"start":{},"end":{}}],"line":42},"3":{"loc":{"start":{"line":42,"column":8},"end":{"line":42,"column":72}},"type":"binary-expr","locations":[{"start":{"line":42,"column":8},"end":{"line":42,"column":33}},{"start":{"line":42,"column":33},"end":{"line":42,"column":72}}],"line":42},"4":{"loc":{"start":{"line":70,"column":8},"end":{"line":72,"column":null}},"type":"if","locations":[{"start":{"line":70,"column":8},"end":{"line":72,"column":null}},{"start":{},"end":{}}],"line":70},"5":{"loc":{"start":{"line":78,"column":8},"end":{"line":82,"column":null}},"type":"if","locations":[{"start":{"line":78,"column":8},"end":{"line":82,"column":null}},{"start":{"line":80,"column":15},"end":{"line":82,"column":null}}],"line":78},"6":{"loc":{"start":{"line":100,"column":4},"end":{"line":106,"column":null}},"type":"if","locations":[{"start":{"line":100,"column":4},"end":{"line":106,"column":null}},{"start":{},"end":{}}],"line":100},"7":{"loc":{"start":{"line":100,"column":8},"end":{"line":100,"column":45}},"type":"binary-expr","locations":[{"start":{"line":100,"column":8},"end":{"line":100,"column":25}},{"start":{"line":100,"column":25},"end":{"line":100,"column":45}}],"line":100},"8":{"loc":{"start":{"line":109,"column":2},"end":{"line":117,"column":null}},"type":"if","locations":[{"start":{"line":109,"column":2},"end":{"line":117,"column":null}},{"start":{},"end":{}}],"line":109},"9":{"loc":{"start":{"line":119,"column":2},"end":{"line":130,"column":null}},"type":"if","locations":[{"start":{"line":119,"column":2},"end":{"line":130,"column":null}},{"start":{},"end":{}}],"line":119},"10":{"loc":{"start":{"line":134,"column":7},"end":{"line":188,"column":null}},"type":"cond-expr","locations":[{"start":{"line":135,"column":8},"end":{"line":137,"column":null}},{"start":{"line":138,"column":10},"end":{"line":188,"column":null}}],"line":134},"11":{"loc":{"start":{"line":138,"column":10},"end":{"line":188,"column":null}},"type":"cond-expr","locations":[{"start":{"line":139,"column":8},"end":{"line":139,"column":null}},{"start":{"line":140,"column":10},"end":{"line":188,"column":null}}],"line":138},"12":{"loc":{"start":{"line":140,"column":10},"end":{"line":188,"column":null}},"type":"cond-expr","locations":[{"start":{"line":141,"column":8},"end":{"line":184,"column":null}},{"start":{"line":186,"column":8},"end":{"line":188,"column":null}}],"line":140},"13":{"loc":{"start":{"line":143,"column":29},"end":{"line":143,"column":null}},"type":"cond-expr","locations":[{"start":{"line":143,"column":51},"end":{"line":143,"column":73}},{"start":{"line":143,"column":73},"end":{"line":143,"column":null}}],"line":143},"14":{"loc":{"start":{"line":151,"column":18},"end":{"line":153,"column":null}},"type":"cond-expr","locations":[{"start":{"line":152,"column":22},"end":{"line":152,"column":null}},{"start":{"line":153,"column":22},"end":{"line":153,"column":null}}],"line":151},"15":{"loc":{"start":{"line":165,"column":17},"end":{"line":170,"column":null}},"type":"binary-expr","locations":[{"start":{"line":165,"column":17},"end":{"line":165,"column":null}},{"start":{"line":166,"column":18},"end":{"line":170,"column":null}}],"line":165},"16":{"loc":{"start":{"line":175,"column":15},"end":{"line":180,"column":null}},"type":"binary-expr","locations":[{"start":{"line":175,"column":15},"end":{"line":175,"column":null}},{"start":{"line":176,"column":16},"end":{"line":180,"column":null}}],"line":175}},"s":{"0":9,"1":9,"2":9,"3":9,"4":9,"5":9,"6":9,"7":9,"8":9,"9":4,"10":2,"11":2,"12":2,"13":2,"14":0,"15":2,"16":2,"17":2,"18":2,"19":2,"20":2,"21":2,"22":0,"23":2,"24":2,"25":2,"26":2,"27":0,"28":2,"29":2,"30":0,"31":0,"32":2,"33":2,"34":9,"35":1,"36":1,"37":1,"38":9,"39":1,"40":8,"41":1,"42":7,"43":3,"44":1},"f":{"0":9,"1":4,"2":2,"3":2,"4":2,"5":1,"6":3,"7":1},"b":{"0":[2,2],"1":[4,3,2,2,2],"2":[0,2],"3":[2,0],"4":[0,2],"5":[2,0],"6":[1,0],"7":[1,1],"8":[1,8],"9":[1,7],"10":[2,5],"11":[0,5],"12":[3,2],"13":[3,0],"14":[1,2],"15":[3,1],"16":[3,1]},"meta":{"lastBranch":17,"lastFunction":8,"lastStatement":45,"seen":{"f:22:24:22:40":0,"s:23:26:23:Infinity":0,"s:24:28:24:Infinity":1,"s:25:30:25:Infinity":2,"s:26:24:26:Infinity":3,"s:27:40:27:Infinity":4,"s:29:67:29:Infinity":5,"s:31:8:31:Infinity":6,"s:32:8:32:Infinity":7,"s:34:2:95:Infinity":8,"f:34:12:34:18":1,"b:36:4:38:Infinity:undefined:undefined:undefined:undefined":0,"s:36:4:38:Infinity":9,"b:36:8:36:27:36:27:36:35:36:35:36:43:36:43:36:52:36:52:36:71":1,"s:37:6:37:Infinity":10,"s:40:23:40:Infinity":11,"f:40:64:40:70":2,"s:40:70:40:106":12,"b:42:4:44:Infinity:undefined:undefined:undefined:undefined":2,"s:42:4:44:Infinity":13,"b:42:8:42:33:42:33:42:72":3,"s:43:6:43:Infinity":14,"f:46:19:46:33":3,"s:47:6:47:Infinity":15,"s:48:6:48:Infinity":16,"s:50:6:91:Infinity":17,"s:51:26:54:Infinity":18,"f:51:35:51:36":4,"s:51:46:54:10":19,"s:56:20:68:Infinity":20,"b:70:8:72:Infinity:undefined:undefined:undefined:undefined":4,"s:70:8:72:Infinity":21,"s:71:10:71:Infinity":22,"s:74:42:74:Infinity":23,"s:76:8:76:Infinity":24,"b:78:8:82:Infinity:80:15:82:Infinity":5,"s:78:8:82:Infinity":25,"s:79:10:79:Infinity":26,"s:81:10:81:Infinity":27,"s:84:8:84:Infinity":28,"s:85:8:85:Infinity":29,"s:87:8:87:Infinity":30,"s:88:8:88:Infinity":31,"s:90:8:90:Infinity":32,"s:94:4:94:Infinity":33,"s:97:31:107:Infinity":34,"f:97:31:97:32":5,"s:98:4:98:Infinity":35,"b:100:4:106:Infinity:undefined:undefined:undefined:undefined":6,"s:100:4:106:Infinity":36,"b:100:8:100:25:100:25:100:45":7,"s:101:6:105:Infinity":37,"b:109:2:117:Infinity:undefined:undefined:undefined:undefined":8,"s:109:2:117:Infinity":38,"s:110:4:115:Infinity":39,"b:119:2:130:Infinity:undefined:undefined:undefined:undefined":9,"s:119:2:130:Infinity":40,"s:120:4:128:Infinity":41,"s:132:2:190:Infinity":42,"b:135:8:137:Infinity:138:10:188:Infinity":10,"b:139:8:139:Infinity:140:10:188:Infinity":11,"b:141:8:184:Infinity:186:8:188:Infinity":12,"b:143:51:143:73:143:73:143:Infinity":13,"f:145:22:145:23":6,"s:146:12:182:Infinity":43,"f:148:23:148:29":7,"s:148:29:148:Infinity":44,"b:152:22:152:Infinity:153:22:153:Infinity":14,"b:165:17:165:Infinity:166:18:170:Infinity":15,"b:175:15:175:Infinity:176:16:180:Infinity":16}}}
,"C:\\Users\\luedu\\OneDrive\\Desktop\\Luis\\Estudios\\Taller web\\ecommerce-store\\src\\modules\\cart-checkout\\components\\shippingForm.tsx": {"path":"C:\\Users\\luedu\\OneDrive\\Desktop\\Luis\\Estudios\\Taller web\\ecommerce-store\\src\\modules\\cart-checkout\\components\\shippingForm.tsx","statementMap":{"0":{"start":{"line":10,"column":18},"end":{"line":10,"column":null}},"1":{"start":{"line":11,"column":25},"end":{"line":11,"column":null}},"2":{"start":{"line":20,"column":2},"end":{"line":20,"column":null}},"3":{"start":{"line":22,"column":32},"end":{"line":22,"column":null}},"4":{"start":{"line":23,"column":32},"end":{"line":23,"column":null}},"5":{"start":{"line":24,"column":34},"end":{"line":24,"column":null}},"6":{"start":{"line":25,"column":48},"end":{"line":25,"column":null}},"7":{"start":{"line":27,"column":23},"end":{"line":30,"column":null}},"8":{"start":{"line":28,"column":4},"end":{"line":28,"column":null}},"9":{"start":{"line":29,"column":4},"end":{"line":29,"column":null}},"10":{"start":{"line":32,"column":68},"end":{"line":39,"column":null}},"11":{"start":{"line":41,"column":19},"end":{"line":42,"column":null}},"12":{"start":{"line":42,"column":4},"end":{"line":42,"column":null}},"13":{"start":{"line":42,"column":29},"end":{"line":42,"column":55}},"14":{"start":{"line":44,"column":20},"end":{"line":53,"column":null}},"15":{"start":{"line":45,"column":4},"end":{"line":51,"column":null}},"16":{"start":{"line":46,"column":6},"end":{"line":46,"column":null}},"17":{"start":{"line":47,"column":6},"end":{"line":47,"column":null}},"18":{"start":{"line":49,"column":6},"end":{"line":49,"column":null}},"19":{"start":{"line":50,"column":6},"end":{"line":50,"column":null}},"20":{"start":{"line":52,"column":4},"end":{"line":52,"column":null}},"21":{"start":{"line":55,"column":21},"end":{"line":59,"column":null}},"22":{"start":{"line":56,"column":4},"end":{"line":56,"column":null}},"23":{"start":{"line":57,"column":4},"end":{"line":57,"column":null}},"24":{"start":{"line":58,"column":4},"end":{"line":58,"column":null}},"25":{"start":{"line":61,"column":21},"end":{"line":69,"column":null}},"26":{"start":{"line":62,"column":4},"end":{"line":62,"column":null}},"27":{"start":{"line":62,"column":59},"end":{"line":62,"column":null}},"28":{"start":{"line":63,"column":4},"end":{"line":67,"column":null}},"29":{"start":{"line":64,"column":6},"end":{"line":64,"column":null}},"30":{"start":{"line":66,"column":6},"end":{"line":66,"column":null}},"31":{"start":{"line":68,"column":4},"end":{"line":68,"column":null}},"32":{"start":{"line":71,"column":2},"end":{"line":230,"column":null}},"33":{"start":{"line":82,"column":12},"end":{"line":149,"column":null}},"34":{"start":{"line":84,"column":29},"end":{"line":84,"column":null}},"35":{"start":{"line":122,"column":22},"end":{"line":122,"column":null}},"36":{"start":{"line":123,"column":22},"end":{"line":123,"column":null}},"37":{"start":{"line":132,"column":20},"end":{"line":132,"column":null}},"38":{"start":{"line":133,"column":20},"end":{"line":133,"column":null}},"39":{"start":{"line":141,"column":20},"end":{"line":141,"column":null}},"40":{"start":{"line":142,"column":20},"end":{"line":142,"column":null}},"41":{"start":{"line":159,"column":23},"end":{"line":159,"column":null}},"42":{"start":{"line":175,"column":16},"end":{"line":186,"column":null}},"43":{"start":{"line":184,"column":37},"end":{"line":184,"column":null}},"44":{"start":{"line":195,"column":18},"end":{"line":198,"column":null}},"45":{"start":{"line":195,"column":43},"end":{"line":198,"column":20}}},"fnMap":{"0":{"name":"ShippingForm","decl":{"start":{"line":9,"column":24},"end":{"line":9,"column":37}},"loc":{"start":{"line":9,"column":77},"end":{"line":232,"column":null}},"line":9},"1":{"name":"(anonymous_1)","decl":{"start":{"line":27,"column":23},"end":{"line":27,"column":24}},"loc":{"start":{"line":27,"column":42},"end":{"line":30,"column":null}},"line":27},"2":{"name":"(anonymous_2)","decl":{"start":{"line":41,"column":19},"end":{"line":41,"column":49}},"loc":{"start":{"line":42,"column":4},"end":{"line":42,"column":null}},"line":42},"3":{"name":"(anonymous_3)","decl":{"start":{"line":42,"column":18},"end":{"line":42,"column":19}},"loc":{"start":{"line":42,"column":29},"end":{"line":42,"column":55}},"line":42},"4":{"name":"(anonymous_4)","decl":{"start":{"line":44,"column":20},"end":{"line":44,"column":21}},"loc":{"start":{"line":44,"column":43},"end":{"line":53,"column":null}},"line":44},"5":{"name":"(anonymous_5)","decl":{"start":{"line":55,"column":21},"end":{"line":55,"column":27}},"loc":{"start":{"line":55,"column":27},"end":{"line":59,"column":null}},"line":55},"6":{"name":"(anonymous_6)","decl":{"start":{"line":61,"column":21},"end":{"line":61,"column":33}},"loc":{"start":{"line":61,"column":33},"end":{"line":69,"column":null}},"line":61},"7":{"name":"(anonymous_7)","decl":{"start":{"line":81,"column":25},"end":{"line":81,"column":26}},"loc":{"start":{"line":82,"column":12},"end":{"line":149,"column":null}},"line":82},"8":{"name":"(anonymous_8)","decl":{"start":{"line":84,"column":23},"end":{"line":84,"column":29}},"loc":{"start":{"line":84,"column":29},"end":{"line":84,"column":null}},"line":84},"9":{"name":"(anonymous_9)","decl":{"start":{"line":121,"column":29},"end":{"line":121,"column":30}},"loc":{"start":{"line":121,"column":36},"end":{"line":124,"column":null}},"line":121},"10":{"name":"(anonymous_10)","decl":{"start":{"line":131,"column":27},"end":{"line":131,"column":28}},"loc":{"start":{"line":131,"column":34},"end":{"line":134,"column":null}},"line":131},"11":{"name":"(anonymous_11)","decl":{"start":{"line":140,"column":27},"end":{"line":140,"column":28}},"loc":{"start":{"line":140,"column":34},"end":{"line":143,"column":null}},"line":140},"12":{"name":"(anonymous_12)","decl":{"start":{"line":159,"column":17},"end":{"line":159,"column":23}},"loc":{"start":{"line":159,"column":23},"end":{"line":159,"column":null}},"line":159},"13":{"name":"(anonymous_13)","decl":{"start":{"line":174,"column":26},"end":{"line":174,"column":27}},"loc":{"start":{"line":175,"column":16},"end":{"line":186,"column":null}},"line":175},"14":{"name":"(anonymous_14)","decl":{"start":{"line":184,"column":30},"end":{"line":184,"column":31}},"loc":{"start":{"line":184,"column":37},"end":{"line":184,"column":null}},"line":184},"15":{"name":"(anonymous_15)","decl":{"start":{"line":194,"column":26},"end":{"line":194,"column":27}},"loc":{"start":{"line":195,"column":18},"end":{"line":198,"column":null}},"line":195},"16":{"name":"(anonymous_16)","decl":{"start":{"line":195,"column":32},"end":{"line":195,"column":33}},"loc":{"start":{"line":195,"column":43},"end":{"line":198,"column":20}},"line":195}},"branchMap":{"0":{"loc":{"start":{"line":45,"column":4},"end":{"line":51,"column":null}},"type":"if","locations":[{"start":{"line":45,"column":4},"end":{"line":51,"column":null}},{"start":{"line":48,"column":11},"end":{"line":51,"column":null}}],"line":45},"1":{"loc":{"start":{"line":62,"column":4},"end":{"line":62,"column":null}},"type":"if","locations":[{"start":{"line":62,"column":4},"end":{"line":62,"column":null}},{"start":{},"end":{}}],"line":62},"2":{"loc":{"start":{"line":62,"column":8},"end":{"line":62,"column":59}},"type":"binary-expr","locations":[{"start":{"line":62,"column":8},"end":{"line":62,"column":39}},{"start":{"line":62,"column":39},"end":{"line":62,"column":59}}],"line":62},"3":{"loc":{"start":{"line":63,"column":4},"end":{"line":67,"column":null}},"type":"if","locations":[{"start":{"line":63,"column":4},"end":{"line":67,"column":null}},{"start":{"line":65,"column":11},"end":{"line":67,"column":null}}],"line":63},"4":{"loc":{"start":{"line":77,"column":7},"end":{"line":155,"column":null}},"type":"cond-expr","locations":[{"start":{"line":78,"column":8},"end":{"line":78,"column":null}},{"start":{"line":79,"column":10},"end":{"line":155,"column":null}}],"line":77},"5":{"loc":{"start":{"line":79,"column":10},"end":{"line":155,"column":null}},"type":"cond-expr","locations":[{"start":{"line":80,"column":8},"end":{"line":151,"column":null}},{"start":{"line":153,"column":8},"end":{"line":155,"column":null}}],"line":79},"6":{"loc":{"start":{"line":86,"column":16},"end":{"line":90,"column":null}},"type":"cond-expr","locations":[{"start":{"line":87,"column":20},"end":{"line":87,"column":null}},{"start":{"line":88,"column":20},"end":{"line":90,"column":null}}],"line":86},"7":{"loc":{"start":{"line":88,"column":20},"end":{"line":90,"column":null}},"type":"cond-expr","locations":[{"start":{"line":89,"column":20},"end":{"line":89,"column":null}},{"start":{"line":90,"column":20},"end":{"line":90,"column":null}}],"line":88},"8":{"loc":{"start":{"line":97,"column":17},"end":{"line":100,"column":null}},"type":"binary-expr","locations":[{"start":{"line":97,"column":17},"end":{"line":97,"column":null}},{"start":{"line":98,"column":18},"end":{"line":100,"column":null}}],"line":97},"9":{"loc":{"start":{"line":106,"column":17},"end":{"line":109,"column":null}},"type":"binary-expr","locations":[{"start":{"line":106,"column":17},"end":{"line":106,"column":null}},{"start":{"line":107,"column":18},"end":{"line":109,"column":null}}],"line":106},"10":{"loc":{"start":{"line":111,"column":17},"end":{"line":114,"column":null}},"type":"binary-expr","locations":[{"start":{"line":111,"column":17},"end":{"line":111,"column":35}},{"start":{"line":111,"column":35},"end":{"line":111,"column":null}},{"start":{"line":112,"column":18},"end":{"line":114,"column":null}}],"line":111},"11":{"loc":{"start":{"line":119,"column":17},"end":{"line":128,"column":null}},"type":"binary-expr","locations":[{"start":{"line":119,"column":17},"end":{"line":119,"column":null}},{"start":{"line":120,"column":18},"end":{"line":128,"column":null}}],"line":119},"12":{"loc":{"start":{"line":166,"column":7},"end":{"line":228,"column":null}},"type":"binary-expr","locations":[{"start":{"line":166,"column":7},"end":{"line":166,"column":null}},{"start":{"line":167,"column":8},"end":{"line":228,"column":null}}],"line":166},"13":{"loc":{"start":{"line":170,"column":15},"end":{"line":170,"column":null}},"type":"cond-expr","locations":[{"start":{"line":170,"column":27},"end":{"line":170,"column":48}},{"start":{"line":170,"column":48},"end":{"line":170,"column":null}}],"line":170},"14":{"loc":{"start":{"line":183,"column":34},"end":{"line":183,"column":57}},"type":"binary-expr","locations":[{"start":{"line":183,"column":34},"end":{"line":183,"column":55}},{"start":{"line":183,"column":55},"end":{"line":183,"column":57}}],"line":183}},"s":{"0":57,"1":57,"2":57,"3":57,"4":57,"5":57,"6":57,"7":57,"8":1,"9":1,"10":57,"11":57,"12":41,"13":41,"14":57,"15":4,"16":2,"17":2,"18":2,"19":2,"20":4,"21":57,"22":3,"23":3,"24":3,"25":57,"26":2,"27":0,"28":2,"29":1,"30":1,"31":2,"32":57,"33":68,"34":1,"35":1,"36":1,"37":2,"38":2,"39":1,"40":1,"41":2,"42":270,"43":41,"44":0,"45":0},"f":{"0":57,"1":1,"2":41,"3":41,"4":4,"5":3,"6":2,"7":68,"8":1,"9":1,"10":2,"11":1,"12":2,"13":270,"14":41,"15":0,"16":0},"b":{"0":[2,2],"1":[0,2],"2":[2,2],"3":[1,1],"4":[0,57],"5":[34,23],"6":[1,67],"7":[33,34],"8":[68,34],"9":[68,1],"10":[68,34,33],"11":[68,34],"12":[57,45],"13":[23,22],"14":[270,107]},"meta":{"lastBranch":15,"lastFunction":17,"lastStatement":46,"seen":{"f:9:24:9:37":0,"s:10:18:10:Infinity":0,"s:11:25:11:Infinity":1,"s:20:2:20:Infinity":2,"s:22:32:22:Infinity":3,"s:23:32:23:Infinity":4,"s:24:34:24:Infinity":5,"s:25:48:25:Infinity":6,"s:27:23:30:Infinity":7,"f:27:23:27:24":1,"s:28:4:28:Infinity":8,"s:29:4:29:Infinity":9,"s:32:68:39:Infinity":10,"s:41:19:42:Infinity":11,"f:41:19:41:49":2,"s:42:4:42:Infinity":12,"f:42:18:42:19":3,"s:42:29:42:55":13,"s:44:20:53:Infinity":14,"f:44:20:44:21":4,"b:45:4:51:Infinity:48:11:51:Infinity":0,"s:45:4:51:Infinity":15,"s:46:6:46:Infinity":16,"s:47:6:47:Infinity":17,"s:49:6:49:Infinity":18,"s:50:6:50:Infinity":19,"s:52:4:52:Infinity":20,"s:55:21:59:Infinity":21,"f:55:21:55:27":5,"s:56:4:56:Infinity":22,"s:57:4:57:Infinity":23,"s:58:4:58:Infinity":24,"s:61:21:69:Infinity":25,"f:61:21:61:33":6,"b:62:4:62:Infinity:undefined:undefined:undefined:undefined":1,"s:62:4:62:Infinity":26,"b:62:8:62:39:62:39:62:59":2,"s:62:59:62:Infinity":27,"b:63:4:67:Infinity:65:11:67:Infinity":3,"s:63:4:67:Infinity":28,"s:64:6:64:Infinity":29,"s:66:6:66:Infinity":30,"s:68:4:68:Infinity":31,"s:71:2:230:Infinity":32,"b:78:8:78:Infinity:79:10:155:Infinity":4,"b:80:8:151:Infinity:153:8:155:Infinity":5,"f:81:25:81:26":7,"s:82:12:149:Infinity":33,"f:84:23:84:29":8,"s:84:29:84:Infinity":34,"b:87:20:87:Infinity:88:20:90:Infinity":6,"b:89:20:89:Infinity:90:20:90:Infinity":7,"b:97:17:97:Infinity:98:18:100:Infinity":8,"b:106:17:106:Infinity:107:18:109:Infinity":9,"b:111:17:111:35:111:35:111:Infinity:112:18:114:Infinity":10,"b:119:17:119:Infinity:120:18:128:Infinity":11,"f:121:29:121:30":9,"s:122:22:122:Infinity":35,"s:123:22:123:Infinity":36,"f:131:27:131:28":10,"s:132:20:132:Infinity":37,"s:133:20:133:Infinity":38,"f:140:27:140:28":11,"s:141:20:141:Infinity":39,"s:142:20:142:Infinity":40,"f:159:17:159:23":12,"s:159:23:159:Infinity":41,"b:166:7:166:Infinity:167:8:228:Infinity":12,"b:170:27:170:48:170:48:170:Infinity":13,"f:174:26:174:27":13,"s:175:16:186:Infinity":42,"b:183:34:183:55:183:55:183:57":14,"f:184:30:184:31":14,"s:184:37:184:Infinity":43,"f:194:26:194:27":15,"s:195:18:198:Infinity":44,"f:195:32:195:33":16,"s:195:43:198:20":45}}}
,"C:\\Users\\luedu\\OneDrive\\Desktop\\Luis\\Estudios\\Taller web\\ecommerce-store\\src\\modules\\cart-checkout\\hooks\\useAddresses.ts": {"path":"C:\\Users\\luedu\\OneDrive\\Desktop\\Luis\\Estudios\\Taller web\\ecommerce-store\\src\\modules\\cart-checkout\\hooks\\useAddresses.ts","statementMap":{"0":{"start":{"line":8,"column":32},"end":{"line":8,"column":null}},"1":{"start":{"line":9,"column":28},"end":{"line":9,"column":null}},"2":{"start":{"line":10,"column":24},"end":{"line":10,"column":null}},"3":{"start":{"line":12,"column":8},"end":{"line":25,"column":null}},"4":{"start":{"line":13,"column":4},"end":{"line":13,"column":null}},"5":{"start":{"line":13,"column":25},"end":{"line":13,"column":null}},"6":{"start":{"line":14,"column":4},"end":{"line":24,"column":null}},"7":{"start":{"line":15,"column":6},"end":{"line":15,"column":null}},"8":{"start":{"line":16,"column":18},"end":{"line":16,"column":null}},"9":{"start":{"line":17,"column":6},"end":{"line":17,"column":null}},"10":{"start":{"line":17,"column":19},"end":{"line":17,"column":null}},"11":{"start":{"line":18,"column":19},"end":{"line":18,"column":null}},"12":{"start":{"line":19,"column":6},"end":{"line":19,"column":null}},"13":{"start":{"line":21,"column":6},"end":{"line":21,"column":null}},"14":{"start":{"line":23,"column":6},"end":{"line":23,"column":null}},"15":{"start":{"line":27,"column":8},"end":{"line":54,"column":null}},"16":{"start":{"line":29,"column":6},"end":{"line":29,"column":null}},"17":{"start":{"line":29,"column":27},"end":{"line":29,"column":null}},"18":{"start":{"line":30,"column":21},"end":{"line":30,"column":null}},"19":{"start":{"line":31,"column":25},"end":{"line":31,"column":null}},"20":{"start":{"line":33,"column":6},"end":{"line":33,"column":null}},"21":{"start":{"line":33,"column":29},"end":{"line":33,"column":50}},"22":{"start":{"line":35,"column":6},"end":{"line":51,"column":null}},"23":{"start":{"line":36,"column":20},"end":{"line":40,"column":null}},"24":{"start":{"line":42,"column":8},"end":{"line":42,"column":null}},"25":{"start":{"line":42,"column":21},"end":{"line":42,"column":null}},"26":{"start":{"line":43,"column":21},"end":{"line":43,"column":null}},"27":{"start":{"line":45,"column":8},"end":{"line":47,"column":null}},"28":{"start":{"line":46,"column":10},"end":{"line":46,"column":null}},"29":{"start":{"line":46,"column":27},"end":{"line":46,"column":54}},"30":{"start":{"line":49,"column":8},"end":{"line":49,"column":null}},"31":{"start":{"line":50,"column":8},"end":{"line":50,"column":null}},"32":{"start":{"line":50,"column":31},"end":{"line":50,"column":66}},"33":{"start":{"line":50,"column":50},"end":{"line":50,"column":65}},"34":{"start":{"line":56,"column":8},"end":{"line":86,"column":null}},"35":{"start":{"line":58,"column":18},"end":{"line":58,"column":null}},"36":{"start":{"line":58,"column":40},"end":{"line":58,"column":51}},"37":{"start":{"line":59,"column":6},"end":{"line":59,"column":null}},"38":{"start":{"line":59,"column":16},"end":{"line":59,"column":null}},"39":{"start":{"line":61,"column":6},"end":{"line":63,"column":null}},"40":{"start":{"line":62,"column":8},"end":{"line":62,"column":null}},"41":{"start":{"line":62,"column":25},"end":{"line":62,"column":64}},"42":{"start":{"line":65,"column":6},"end":{"line":83,"column":null}},"43":{"start":{"line":66,"column":20},"end":{"line":70,"column":null}},"44":{"start":{"line":72,"column":8},"end":{"line":72,"column":null}},"45":{"start":{"line":72,"column":21},"end":{"line":72,"column":null}},"46":{"start":{"line":73,"column":21},"end":{"line":73,"column":null}},"47":{"start":{"line":75,"column":8},"end":{"line":77,"column":null}},"48":{"start":{"line":76,"column":10},"end":{"line":76,"column":null}},"49":{"start":{"line":76,"column":27},"end":{"line":76,"column":50}},"50":{"start":{"line":79,"column":8},"end":{"line":79,"column":null}},"51":{"start":{"line":80,"column":8},"end":{"line":82,"column":null}},"52":{"start":{"line":81,"column":10},"end":{"line":81,"column":null}},"53":{"start":{"line":81,"column":27},"end":{"line":81,"column":49}},"54":{"start":{"line":88,"column":8},"end":{"line":104,"column":null}},"55":{"start":{"line":90,"column":18},"end":{"line":90,"column":null}},"56":{"start":{"line":91,"column":6},"end":{"line":91,"column":null}},"57":{"start":{"line":91,"column":29},"end":{"line":91,"column":60}},"58":{"start":{"line":91,"column":48},"end":{"line":91,"column":59}},"59":{"start":{"line":93,"column":6},"end":{"line":101,"column":null}},"60":{"start":{"line":94,"column":20},"end":{"line":96,"column":null}},"61":{"start":{"line":97,"column":8},"end":{"line":97,"column":null}},"62":{"start":{"line":97,"column":21},"end":{"line":97,"column":null}},"63":{"start":{"line":99,"column":8},"end":{"line":99,"column":null}},"64":{"start":{"line":100,"column":8},"end":{"line":100,"column":null}},"65":{"start":{"line":106,"column":8},"end":{"line":125,"column":null}},"66":{"start":{"line":108,"column":18},"end":{"line":108,"column":null}},"67":{"start":{"line":109,"column":6},"end":{"line":111,"column":null}},"68":{"start":{"line":110,"column":8},"end":{"line":110,"column":null}},"69":{"start":{"line":110,"column":25},"end":{"line":110,"column":58}},"70":{"start":{"line":113,"column":6},"end":{"line":122,"column":null}},"71":{"start":{"line":114,"column":20},"end":{"line":117,"column":null}},"72":{"start":{"line":118,"column":8},"end":{"line":118,"column":null}},"73":{"start":{"line":118,"column":21},"end":{"line":118,"column":null}},"74":{"start":{"line":120,"column":8},"end":{"line":120,"column":null}},"75":{"start":{"line":121,"column":8},"end":{"line":121,"column":null}},"76":{"start":{"line":127,"column":2},"end":{"line":129,"column":null}},"77":{"start":{"line":128,"column":4},"end":{"line":128,"column":null}},"78":{"start":{"line":131,"column":2},"end":{"line":140,"column":null}}},"fnMap":{"0":{"name":"useAddresses","decl":{"start":{"line":7,"column":16},"end":{"line":7,"column":29}},"loc":{"start":{"line":7,"column":76},"end":{"line":141,"column":null}},"line":7},"1":{"name":"(anonymous_1)","decl":{"start":{"line":12,"column":37},"end":{"line":12,"column":49}},"loc":{"start":{"line":12,"column":49},"end":{"line":25,"column":5}},"line":12},"2":{"name":"(anonymous_2)","decl":{"start":{"line":28,"column":4},"end":{"line":28,"column":11}},"loc":{"start":{"line":28,"column":39},"end":{"line":52,"column":null}},"line":28},"3":{"name":"(anonymous_3)","decl":{"start":{"line":33,"column":19},"end":{"line":33,"column":20}},"loc":{"start":{"line":33,"column":29},"end":{"line":33,"column":50}},"line":33},"4":{"name":"(anonymous_4)","decl":{"start":{"line":45,"column":21},"end":{"line":45,"column":22}},"loc":{"start":{"line":46,"column":10},"end":{"line":46,"column":null}},"line":46},"5":{"name":"(anonymous_5)","decl":{"start":{"line":46,"column":19},"end":{"line":46,"column":20}},"loc":{"start":{"line":46,"column":27},"end":{"line":46,"column":54}},"line":46},"6":{"name":"(anonymous_6)","decl":{"start":{"line":50,"column":21},"end":{"line":50,"column":22}},"loc":{"start":{"line":50,"column":31},"end":{"line":50,"column":66}},"line":50},"7":{"name":"(anonymous_7)","decl":{"start":{"line":50,"column":43},"end":{"line":50,"column":44}},"loc":{"start":{"line":50,"column":50},"end":{"line":50,"column":65}},"line":50},"8":{"name":"(anonymous_8)","decl":{"start":{"line":57,"column":4},"end":{"line":57,"column":11}},"loc":{"start":{"line":57,"column":57},"end":{"line":84,"column":null}},"line":57},"9":{"name":"(anonymous_9)","decl":{"start":{"line":58,"column":33},"end":{"line":58,"column":34}},"loc":{"start":{"line":58,"column":40},"end":{"line":58,"column":51}},"line":58},"10":{"name":"(anonymous_10)","decl":{"start":{"line":61,"column":19},"end":{"line":61,"column":20}},"loc":{"start":{"line":62,"column":8},"end":{"line":62,"column":null}},"line":62},"11":{"name":"(anonymous_11)","decl":{"start":{"line":62,"column":17},"end":{"line":62,"column":18}},"loc":{"start":{"line":62,"column":25},"end":{"line":62,"column":64}},"line":62},"12":{"name":"(anonymous_12)","decl":{"start":{"line":75,"column":21},"end":{"line":75,"column":22}},"loc":{"start":{"line":76,"column":10},"end":{"line":76,"column":null}},"line":76},"13":{"name":"(anonymous_13)","decl":{"start":{"line":76,"column":19},"end":{"line":76,"column":20}},"loc":{"start":{"line":76,"column":27},"end":{"line":76,"column":50}},"line":76},"14":{"name":"(anonymous_14)","decl":{"start":{"line":80,"column":21},"end":{"line":80,"column":22}},"loc":{"start":{"line":81,"column":10},"end":{"line":81,"column":null}},"line":81},"15":{"name":"(anonymous_15)","decl":{"start":{"line":81,"column":19},"end":{"line":81,"column":20}},"loc":{"start":{"line":81,"column":27},"end":{"line":81,"column":49}},"line":81},"16":{"name":"(anonymous_16)","decl":{"start":{"line":89,"column":4},"end":{"line":89,"column":11}},"loc":{"start":{"line":89,"column":26},"end":{"line":102,"column":null}},"line":89},"17":{"name":"(anonymous_17)","decl":{"start":{"line":91,"column":19},"end":{"line":91,"column":20}},"loc":{"start":{"line":91,"column":29},"end":{"line":91,"column":60}},"line":91},"18":{"name":"(anonymous_18)","decl":{"start":{"line":91,"column":41},"end":{"line":91,"column":42}},"loc":{"start":{"line":91,"column":48},"end":{"line":91,"column":59}},"line":91},"19":{"name":"(anonymous_19)","decl":{"start":{"line":107,"column":4},"end":{"line":107,"column":11}},"loc":{"start":{"line":107,"column":26},"end":{"line":123,"column":null}},"line":107},"20":{"name":"(anonymous_20)","decl":{"start":{"line":109,"column":19},"end":{"line":109,"column":20}},"loc":{"start":{"line":110,"column":8},"end":{"line":110,"column":null}},"line":110},"21":{"name":"(anonymous_21)","decl":{"start":{"line":110,"column":17},"end":{"line":110,"column":18}},"loc":{"start":{"line":110,"column":25},"end":{"line":110,"column":58}},"line":110},"22":{"name":"(anonymous_22)","decl":{"start":{"line":127,"column":12},"end":{"line":127,"column":18}},"loc":{"start":{"line":127,"column":18},"end":{"line":129,"column":5}},"line":127}},"branchMap":{"0":{"loc":{"start":{"line":13,"column":4},"end":{"line":13,"column":null}},"type":"if","locations":[{"start":{"line":13,"column":4},"end":{"line":13,"column":null}},{"start":{},"end":{}}],"line":13},"1":{"loc":{"start":{"line":17,"column":6},"end":{"line":17,"column":null}},"type":"if","locations":[{"start":{"line":17,"column":6},"end":{"line":17,"column":null}},{"start":{},"end":{}}],"line":17},"2":{"loc":{"start":{"line":29,"column":6},"end":{"line":29,"column":null}},"type":"if","locations":[{"start":{"line":29,"column":6},"end":{"line":29,"column":null}},{"start":{},"end":{}}],"line":29},"3":{"loc":{"start":{"line":42,"column":8},"end":{"line":42,"column":null}},"type":"if","locations":[{"start":{"line":42,"column":8},"end":{"line":42,"column":null}},{"start":{},"end":{}}],"line":42},"4":{"loc":{"start":{"line":46,"column":27},"end":{"line":46,"column":54}},"type":"cond-expr","locations":[{"start":{"line":46,"column":45},"end":{"line":46,"column":52}},{"start":{"line":46,"column":52},"end":{"line":46,"column":54}}],"line":46},"5":{"loc":{"start":{"line":59,"column":6},"end":{"line":59,"column":null}},"type":"if","locations":[{"start":{"line":59,"column":6},"end":{"line":59,"column":null}},{"start":{},"end":{}}],"line":59},"6":{"loc":{"start":{"line":62,"column":25},"end":{"line":62,"column":64}},"type":"cond-expr","locations":[{"start":{"line":62,"column":39},"end":{"line":62,"column":62}},{"start":{"line":62,"column":62},"end":{"line":62,"column":64}}],"line":62},"7":{"loc":{"start":{"line":72,"column":8},"end":{"line":72,"column":null}},"type":"if","locations":[{"start":{"line":72,"column":8},"end":{"line":72,"column":null}},{"start":{},"end":{}}],"line":72},"8":{"loc":{"start":{"line":76,"column":27},"end":{"line":76,"column":50}},"type":"cond-expr","locations":[{"start":{"line":76,"column":41},"end":{"line":76,"column":48}},{"start":{"line":76,"column":48},"end":{"line":76,"column":50}}],"line":76},"9":{"loc":{"start":{"line":81,"column":27},"end":{"line":81,"column":49}},"type":"cond-expr","locations":[{"start":{"line":81,"column":41},"end":{"line":81,"column":47}},{"start":{"line":81,"column":47},"end":{"line":81,"column":49}}],"line":81},"10":{"loc":{"start":{"line":97,"column":8},"end":{"line":97,"column":null}},"type":"if","locations":[{"start":{"line":97,"column":8},"end":{"line":97,"column":null}},{"start":{},"end":{}}],"line":97},"11":{"loc":{"start":{"line":118,"column":8},"end":{"line":118,"column":null}},"type":"if","locations":[{"start":{"line":118,"column":8},"end":{"line":118,"column":null}},{"start":{},"end":{}}],"line":118}},"s":{"0":27,"1":27,"2":27,"3":27,"4":8,"5":1,"6":7,"7":7,"8":7,"9":7,"10":1,"11":6,"12":6,"13":1,"14":7,"15":27,"16":1,"17":0,"18":1,"19":1,"20":1,"21":1,"22":1,"23":1,"24":1,"25":0,"26":1,"27":1,"28":1,"29":3,"30":0,"31":0,"32":0,"33":0,"34":27,"35":1,"36":1,"37":1,"38":0,"39":1,"40":1,"41":2,"42":1,"43":1,"44":1,"45":0,"46":1,"47":1,"48":1,"49":2,"50":0,"51":0,"52":0,"53":0,"54":27,"55":2,"56":2,"57":2,"58":4,"59":2,"60":2,"61":2,"62":1,"63":1,"64":1,"65":27,"66":1,"67":1,"68":1,"69":2,"70":1,"71":1,"72":1,"73":0,"74":0,"75":0,"76":27,"77":8,"78":27},"f":{"0":27,"1":8,"2":1,"3":1,"4":1,"5":3,"6":0,"7":0,"8":1,"9":1,"10":1,"11":2,"12":1,"13":2,"14":0,"15":0,"16":2,"17":2,"18":4,"19":1,"20":1,"21":2,"22":8},"b":{"0":[1,7],"1":[1,6],"2":[0,1],"3":[0,1],"4":[1,2],"5":[0,1],"6":[1,1],"7":[0,1],"8":[1,1],"9":[0,0],"10":[1,1],"11":[0,1]},"meta":{"lastBranch":12,"lastFunction":23,"lastStatement":79,"seen":{"f:7:16:7:29":0,"s:8:32:8:Infinity":0,"s:9:28:9:Infinity":1,"s:10:24:10:Infinity":2,"s:12:8:25:Infinity":3,"f:12:37:12:49":1,"b:13:4:13:Infinity:undefined:undefined:undefined:undefined":0,"s:13:4:13:Infinity":4,"s:13:25:13:Infinity":5,"s:14:4:24:Infinity":6,"s:15:6:15:Infinity":7,"s:16:18:16:Infinity":8,"b:17:6:17:Infinity:undefined:undefined:undefined:undefined":1,"s:17:6:17:Infinity":9,"s:17:19:17:Infinity":10,"s:18:19:18:Infinity":11,"s:19:6:19:Infinity":12,"s:21:6:21:Infinity":13,"s:23:6:23:Infinity":14,"s:27:8:54:Infinity":15,"f:28:4:28:11":2,"b:29:6:29:Infinity:undefined:undefined:undefined:undefined":2,"s:29:6:29:Infinity":16,"s:29:27:29:Infinity":17,"s:30:21:30:Infinity":18,"s:31:25:31:Infinity":19,"s:33:6:33:Infinity":20,"f:33:19:33:20":3,"s:33:29:33:50":21,"s:35:6:51:Infinity":22,"s:36:20:40:Infinity":23,"b:42:8:42:Infinity:undefined:undefined:undefined:undefined":3,"s:42:8:42:Infinity":24,"s:42:21:42:Infinity":25,"s:43:21:43:Infinity":26,"s:45:8:47:Infinity":27,"f:45:21:45:22":4,"s:46:10:46:Infinity":28,"f:46:19:46:20":5,"s:46:27:46:54":29,"b:46:45:46:52:46:52:46:54":4,"s:49:8:49:Infinity":30,"s:50:8:50:Infinity":31,"f:50:21:50:22":6,"s:50:31:50:66":32,"f:50:43:50:44":7,"s:50:50:50:65":33,"s:56:8:86:Infinity":34,"f:57:4:57:11":8,"s:58:18:58:Infinity":35,"f:58:33:58:34":9,"s:58:40:58:51":36,"b:59:6:59:Infinity:undefined:undefined:undefined:undefined":5,"s:59:6:59:Infinity":37,"s:59:16:59:Infinity":38,"s:61:6:63:Infinity":39,"f:61:19:61:20":10,"s:62:8:62:Infinity":40,"f:62:17:62:18":11,"s:62:25:62:64":41,"b:62:39:62:62:62:62:62:64":6,"s:65:6:83:Infinity":42,"s:66:20:70:Infinity":43,"b:72:8:72:Infinity:undefined:undefined:undefined:undefined":7,"s:72:8:72:Infinity":44,"s:72:21:72:Infinity":45,"s:73:21:73:Infinity":46,"s:75:8:77:Infinity":47,"f:75:21:75:22":12,"s:76:10:76:Infinity":48,"f:76:19:76:20":13,"s:76:27:76:50":49,"b:76:41:76:48:76:48:76:50":8,"s:79:8:79:Infinity":50,"s:80:8:82:Infinity":51,"f:80:21:80:22":14,"s:81:10:81:Infinity":52,"f:81:19:81:20":15,"s:81:27:81:49":53,"b:81:41:81:47:81:47:81:49":9,"s:88:8:104:Infinity":54,"f:89:4:89:11":16,"s:90:18:90:Infinity":55,"s:91:6:91:Infinity":56,"f:91:19:91:20":17,"s:91:29:91:60":57,"f:91:41:91:42":18,"s:91:48:91:59":58,"s:93:6:101:Infinity":59,"s:94:20:96:Infinity":60,"b:97:8:97:Infinity:undefined:undefined:undefined:undefined":10,"s:97:8:97:Infinity":61,"s:97:21:97:Infinity":62,"s:99:8:99:Infinity":63,"s:100:8:100:Infinity":64,"s:106:8:125:Infinity":65,"f:107:4:107:11":19,"s:108:18:108:Infinity":66,"s:109:6:111:Infinity":67,"f:109:19:109:20":20,"s:110:8:110:Infinity":68,"f:110:17:110:18":21,"s:110:25:110:58":69,"s:113:6:122:Infinity":70,"s:114:20:117:Infinity":71,"b:118:8:118:Infinity:undefined:undefined:undefined:undefined":11,"s:118:8:118:Infinity":72,"s:118:21:118:Infinity":73,"s:120:8:120:Infinity":74,"s:121:8:121:Infinity":75,"s:127:2:129:Infinity":76,"f:127:12:127:18":22,"s:128:4:128:Infinity":77,"s:131:2:140:Infinity":78}}}
,"C:\\Users\\luedu\\OneDrive\\Desktop\\Luis\\Estudios\\Taller web\\ecommerce-store\\src\\modules\\cart-checkout\\hooks\\useCart.ts": {"path":"C:\\Users\\luedu\\OneDrive\\Desktop\\Luis\\Estudios\\Taller web\\ecommerce-store\\src\\modules\\cart-checkout\\hooks\\useCart.ts","statementMap":{"0":{"start":{"line":8,"column":18},"end":{"line":8,"column":null}},"1":{"start":{"line":9,"column":17},"end":{"line":9,"column":null}},"2":{"start":{"line":10,"column":22},"end":{"line":10,"column":null}},"3":{"start":{"line":11,"column":28},"end":{"line":11,"column":null}},"4":{"start":{"line":12,"column":24},"end":{"line":12,"column":null}},"5":{"start":{"line":15,"column":8},"end":{"line":28,"column":null}},"6":{"start":{"line":16,"column":4},"end":{"line":16,"column":null}},"7":{"start":{"line":17,"column":4},"end":{"line":27,"column":null}},"8":{"start":{"line":18,"column":18},"end":{"line":18,"column":null}},"9":{"start":{"line":19,"column":6},"end":{"line":19,"column":null}},"10":{"start":{"line":19,"column":19},"end":{"line":19,"column":null}},"11":{"start":{"line":20,"column":19},"end":{"line":20,"column":null}},"12":{"start":{"line":21,"column":6},"end":{"line":21,"column":null}},"13":{"start":{"line":22,"column":6},"end":{"line":22,"column":null}},"14":{"start":{"line":24,"column":6},"end":{"line":24,"column":null}},"15":{"start":{"line":26,"column":6},"end":{"line":26,"column":null}},"16":{"start":{"line":30,"column":2},"end":{"line":32,"column":null}},"17":{"start":{"line":31,"column":4},"end":{"line":31,"column":null}},"18":{"start":{"line":35,"column":20},"end":{"line":76,"column":null}},"19":{"start":{"line":36,"column":4},"end":{"line":36,"column":null}},"20":{"start":{"line":36,"column":15},"end":{"line":36,"column":null}},"21":{"start":{"line":39,"column":25},"end":{"line":39,"column":null}},"22":{"start":{"line":40,"column":30},"end":{"line":43,"column":null}},"23":{"start":{"line":41,"column":16},"end":{"line":42,"column":null}},"24":{"start":{"line":45,"column":4},"end":{"line":56,"column":null}},"25":{"start":{"line":47,"column":27},"end":{"line":47,"column":null}},"26":{"start":{"line":48,"column":6},"end":{"line":51,"column":null}},"27":{"start":{"line":52,"column":6},"end":{"line":52,"column":null}},"28":{"start":{"line":55,"column":6},"end":{"line":55,"column":null}},"29":{"start":{"line":58,"column":4},"end":{"line":75,"column":null}},"30":{"start":{"line":59,"column":18},"end":{"line":59,"column":null}},"31":{"start":{"line":60,"column":18},"end":{"line":64,"column":null}},"32":{"start":{"line":66,"column":6},"end":{"line":66,"column":null}},"33":{"start":{"line":66,"column":19},"end":{"line":66,"column":null}},"34":{"start":{"line":67,"column":22},"end":{"line":67,"column":null}},"35":{"start":{"line":68,"column":6},"end":{"line":68,"column":null}},"36":{"start":{"line":69,"column":6},"end":{"line":69,"column":null}},"37":{"start":{"line":72,"column":6},"end":{"line":72,"column":null}},"38":{"start":{"line":73,"column":6},"end":{"line":73,"column":null}},"39":{"start":{"line":74,"column":6},"end":{"line":74,"column":null}},"40":{"start":{"line":79,"column":25},"end":{"line":109,"column":null}},"41":{"start":{"line":84,"column":4},"end":{"line":84,"column":null}},"42":{"start":{"line":84,"column":36},"end":{"line":84,"column":null}},"43":{"start":{"line":87,"column":25},"end":{"line":87,"column":null}},"44":{"start":{"line":88,"column":25},"end":{"line":92,"column":null}},"45":{"start":{"line":89,"column":6},"end":{"line":91,"column":null}},"46":{"start":{"line":93,"column":4},"end":{"line":93,"column":null}},"47":{"start":{"line":95,"column":4},"end":{"line":108,"column":null}},"48":{"start":{"line":96,"column":18},"end":{"line":96,"column":null}},"49":{"start":{"line":97,"column":18},"end":{"line":97,"column":null}},"50":{"start":{"line":99,"column":6},"end":{"line":99,"column":null}},"51":{"start":{"line":99,"column":19},"end":{"line":99,"column":null}},"52":{"start":{"line":100,"column":22},"end":{"line":100,"column":null}},"53":{"start":{"line":101,"column":6},"end":{"line":101,"column":null}},"54":{"start":{"line":102,"column":6},"end":{"line":102,"column":null}},"55":{"start":{"line":105,"column":6},"end":{"line":105,"column":null}},"56":{"start":{"line":106,"column":6},"end":{"line":106,"column":null}},"57":{"start":{"line":107,"column":6},"end":{"line":107,"column":null}},"58":{"start":{"line":112,"column":25},"end":{"line":136,"column":null}},"59":{"start":{"line":113,"column":4},"end":{"line":113,"column":null}},"60":{"start":{"line":113,"column":15},"end":{"line":113,"column":null}},"61":{"start":{"line":116,"column":25},"end":{"line":116,"column":null}},"62":{"start":{"line":117,"column":25},"end":{"line":119,"column":null}},"63":{"start":{"line":118,"column":16},"end":{"line":118,"column":null}},"64":{"start":{"line":120,"column":4},"end":{"line":120,"column":null}},"65":{"start":{"line":122,"column":4},"end":{"line":135,"column":null}},"66":{"start":{"line":123,"column":18},"end":{"line":123,"column":null}},"67":{"start":{"line":124,"column":18},"end":{"line":124,"column":null}},"68":{"start":{"line":126,"column":6},"end":{"line":126,"column":null}},"69":{"start":{"line":126,"column":19},"end":{"line":126,"column":null}},"70":{"start":{"line":127,"column":22},"end":{"line":127,"column":null}},"71":{"start":{"line":128,"column":6},"end":{"line":128,"column":null}},"72":{"start":{"line":129,"column":6},"end":{"line":129,"column":null}},"73":{"start":{"line":132,"column":6},"end":{"line":132,"column":null}},"74":{"start":{"line":133,"column":6},"end":{"line":133,"column":null}},"75":{"start":{"line":134,"column":6},"end":{"line":134,"column":null}},"76":{"start":{"line":139,"column":20},"end":{"line":158,"column":null}},"77":{"start":{"line":140,"column":4},"end":{"line":140,"column":null}},"78":{"start":{"line":140,"column":15},"end":{"line":140,"column":null}},"79":{"start":{"line":143,"column":25},"end":{"line":143,"column":null}},"80":{"start":{"line":144,"column":4},"end":{"line":144,"column":null}},"81":{"start":{"line":146,"column":4},"end":{"line":157,"column":null}},"82":{"start":{"line":147,"column":18},"end":{"line":147,"column":null}},"83":{"start":{"line":148,"column":18},"end":{"line":148,"column":null}},"84":{"start":{"line":150,"column":6},"end":{"line":150,"column":null}},"85":{"start":{"line":150,"column":41},"end":{"line":150,"column":null}},"86":{"start":{"line":151,"column":6},"end":{"line":151,"column":null}},"87":{"start":{"line":154,"column":6},"end":{"line":154,"column":null}},"88":{"start":{"line":155,"column":6},"end":{"line":155,"column":null}},"89":{"start":{"line":156,"column":6},"end":{"line":156,"column":null}},"90":{"start":{"line":160,"column":2},"end":{"line":169,"column":null}}},"fnMap":{"0":{"name":"useCart","decl":{"start":{"line":7,"column":16},"end":{"line":7,"column":26}},"loc":{"start":{"line":7,"column":26},"end":{"line":170,"column":null}},"line":7},"1":{"name":"(anonymous_1)","decl":{"start":{"line":15,"column":32},"end":{"line":15,"column":44}},"loc":{"start":{"line":15,"column":44},"end":{"line":28,"column":5}},"line":15},"2":{"name":"(anonymous_2)","decl":{"start":{"line":30,"column":12},"end":{"line":30,"column":18}},"loc":{"start":{"line":30,"column":18},"end":{"line":32,"column":5}},"line":30},"3":{"name":"(anonymous_3)","decl":{"start":{"line":35,"column":20},"end":{"line":35,"column":27}},"loc":{"start":{"line":35,"column":50},"end":{"line":76,"column":null}},"line":35},"4":{"name":"(anonymous_4)","decl":{"start":{"line":41,"column":6},"end":{"line":41,"column":7}},"loc":{"start":{"line":41,"column":16},"end":{"line":42,"column":null}},"line":41},"5":{"name":"(anonymous_5)","decl":{"start":{"line":79,"column":25},"end":{"line":79,"column":null}},"loc":{"start":{"line":83,"column":7},"end":{"line":109,"column":null}},"line":83},"6":{"name":"(anonymous_6)","decl":{"start":{"line":88,"column":40},"end":{"line":88,"column":41}},"loc":{"start":{"line":89,"column":6},"end":{"line":91,"column":null}},"line":89},"7":{"name":"(anonymous_7)","decl":{"start":{"line":112,"column":25},"end":{"line":112,"column":32}},"loc":{"start":{"line":112,"column":83},"end":{"line":136,"column":null}},"line":112},"8":{"name":"(anonymous_8)","decl":{"start":{"line":118,"column":6},"end":{"line":118,"column":7}},"loc":{"start":{"line":118,"column":16},"end":{"line":118,"column":null}},"line":118},"9":{"name":"(anonymous_9)","decl":{"start":{"line":139,"column":20},"end":{"line":139,"column":32}},"loc":{"start":{"line":139,"column":32},"end":{"line":158,"column":null}},"line":139}},"branchMap":{"0":{"loc":{"start":{"line":19,"column":6},"end":{"line":19,"column":null}},"type":"if","locations":[{"start":{"line":19,"column":6},"end":{"line":19,"column":null}},{"start":{},"end":{}}],"line":19},"1":{"loc":{"start":{"line":36,"column":4},"end":{"line":36,"column":null}},"type":"if","locations":[{"start":{"line":36,"column":4},"end":{"line":36,"column":null}},{"start":{},"end":{}}],"line":36},"2":{"loc":{"start":{"line":41,"column":16},"end":{"line":42,"column":null}},"type":"binary-expr","locations":[{"start":{"line":41,"column":16},"end":{"line":41,"column":null}},{"start":{"line":42,"column":16},"end":{"line":42,"column":null}}],"line":41},"3":{"loc":{"start":{"line":45,"column":4},"end":{"line":56,"column":null}},"type":"if","locations":[{"start":{"line":45,"column":4},"end":{"line":56,"column":null}},{"start":{"line":53,"column":11},"end":{"line":56,"column":null}}],"line":45},"4":{"loc":{"start":{"line":66,"column":6},"end":{"line":66,"column":null}},"type":"if","locations":[{"start":{"line":66,"column":6},"end":{"line":66,"column":null}},{"start":{},"end":{}}],"line":66},"5":{"loc":{"start":{"line":84,"column":4},"end":{"line":84,"column":null}},"type":"if","locations":[{"start":{"line":84,"column":4},"end":{"line":84,"column":null}},{"start":{},"end":{}}],"line":84},"6":{"loc":{"start":{"line":84,"column":8},"end":{"line":84,"column":36}},"type":"binary-expr","locations":[{"start":{"line":84,"column":8},"end":{"line":84,"column":17}},{"start":{"line":84,"column":17},"end":{"line":84,"column":36}}],"line":84},"7":{"loc":{"start":{"line":89,"column":6},"end":{"line":91,"column":null}},"type":"cond-expr","locations":[{"start":{"line":90,"column":10},"end":{"line":90,"column":null}},{"start":{"line":91,"column":10},"end":{"line":91,"column":null}}],"line":89},"8":{"loc":{"start":{"line":89,"column":6},"end":{"line":89,"column":null}},"type":"binary-expr","locations":[{"start":{"line":89,"column":6},"end":{"line":89,"column":40}},{"start":{"line":89,"column":40},"end":{"line":89,"column":null}}],"line":89},"9":{"loc":{"start":{"line":96,"column":70},"end":{"line":96,"column":85}},"type":"binary-expr","locations":[{"start":{"line":96,"column":70},"end":{"line":96,"column":84}},{"start":{"line":96,"column":84},"end":{"line":96,"column":85}}],"line":96},"10":{"loc":{"start":{"line":99,"column":6},"end":{"line":99,"column":null}},"type":"if","locations":[{"start":{"line":99,"column":6},"end":{"line":99,"column":null}},{"start":{},"end":{}}],"line":99},"11":{"loc":{"start":{"line":113,"column":4},"end":{"line":113,"column":null}},"type":"if","locations":[{"start":{"line":113,"column":4},"end":{"line":113,"column":null}},{"start":{},"end":{}}],"line":113},"12":{"loc":{"start":{"line":118,"column":18},"end":{"line":118,"column":null}},"type":"binary-expr","locations":[{"start":{"line":118,"column":18},"end":{"line":118,"column":52}},{"start":{"line":118,"column":52},"end":{"line":118,"column":null}}],"line":118},"13":{"loc":{"start":{"line":123,"column":70},"end":{"line":123,"column":85}},"type":"binary-expr","locations":[{"start":{"line":123,"column":70},"end":{"line":123,"column":84}},{"start":{"line":123,"column":84},"end":{"line":123,"column":85}}],"line":123},"14":{"loc":{"start":{"line":126,"column":6},"end":{"line":126,"column":null}},"type":"if","locations":[{"start":{"line":126,"column":6},"end":{"line":126,"column":null}},{"start":{},"end":{}}],"line":126},"15":{"loc":{"start":{"line":140,"column":4},"end":{"line":140,"column":null}},"type":"if","locations":[{"start":{"line":140,"column":4},"end":{"line":140,"column":null}},{"start":{},"end":{}}],"line":140},"16":{"loc":{"start":{"line":150,"column":6},"end":{"line":150,"column":null}},"type":"if","locations":[{"start":{"line":150,"column":6},"end":{"line":150,"column":null}},{"start":{},"end":{}}],"line":150},"17":{"loc":{"start":{"line":150,"column":10},"end":{"line":150,"column":41}},"type":"binary-expr","locations":[{"start":{"line":150,"column":10},"end":{"line":150,"column":21}},{"start":{"line":150,"column":21},"end":{"line":150,"column":41}}],"line":150}},"s":{"0":26,"1":26,"2":26,"3":26,"4":26,"5":26,"6":7,"7":7,"8":7,"9":7,"10":1,"11":6,"12":6,"13":6,"14":1,"15":7,"16":26,"17":7,"18":26,"19":2,"20":0,"21":2,"22":2,"23":2,"24":2,"25":0,"26":0,"27":0,"28":2,"29":2,"30":2,"31":2,"32":2,"33":1,"34":1,"35":1,"36":1,"37":1,"38":1,"39":1,"40":26,"41":1,"42":0,"43":1,"44":1,"45":1,"46":1,"47":1,"48":1,"49":1,"50":1,"51":0,"52":1,"53":1,"54":1,"55":0,"56":0,"57":0,"58":26,"59":1,"60":0,"61":1,"62":1,"63":1,"64":1,"65":1,"66":1,"67":1,"68":1,"69":0,"70":1,"71":1,"72":1,"73":0,"74":0,"75":0,"76":26,"77":1,"78":0,"79":1,"80":1,"81":1,"82":1,"83":1,"84":1,"85":0,"86":1,"87":0,"88":0,"89":0,"90":26},"f":{"0":26,"1":7,"2":7,"3":2,"4":2,"5":1,"6":1,"7":1,"8":1,"9":1},"b":{"0":[1,6],"1":[0,2],"2":[2,0],"3":[0,2],"4":[1,1],"5":[0,1],"6":[1,1],"7":[1,0],"8":[1,1],"9":[1,1],"10":[0,1],"11":[0,1],"12":[1,1],"13":[1,1],"14":[0,1],"15":[0,1],"16":[0,1],"17":[1,0]},"meta":{"lastBranch":18,"lastFunction":10,"lastStatement":91,"seen":{"f:7:16:7:26":0,"s:8:18:8:Infinity":0,"s:9:17:9:Infinity":1,"s:10:22:10:Infinity":2,"s:11:28:11:Infinity":3,"s:12:24:12:Infinity":4,"s:15:8:28:Infinity":5,"f:15:32:15:44":1,"s:16:4:16:Infinity":6,"s:17:4:27:Infinity":7,"s:18:18:18:Infinity":8,"b:19:6:19:Infinity:undefined:undefined:undefined:undefined":0,"s:19:6:19:Infinity":9,"s:19:19:19:Infinity":10,"s:20:19:20:Infinity":11,"s:21:6:21:Infinity":12,"s:22:6:22:Infinity":13,"s:24:6:24:Infinity":14,"s:26:6:26:Infinity":15,"s:30:2:32:Infinity":16,"f:30:12:30:18":2,"s:31:4:31:Infinity":17,"s:35:20:76:Infinity":18,"f:35:20:35:27":3,"b:36:4:36:Infinity:undefined:undefined:undefined:undefined":1,"s:36:4:36:Infinity":19,"s:36:15:36:Infinity":20,"s:39:25:39:Infinity":21,"s:40:30:43:Infinity":22,"f:41:6:41:7":4,"s:41:16:42:Infinity":23,"b:41:16:41:Infinity:42:16:42:Infinity":2,"b:45:4:56:Infinity:53:11:56:Infinity":3,"s:45:4:56:Infinity":24,"s:47:27:47:Infinity":25,"s:48:6:51:Infinity":26,"s:52:6:52:Infinity":27,"s:55:6:55:Infinity":28,"s:58:4:75:Infinity":29,"s:59:18:59:Infinity":30,"s:60:18:64:Infinity":31,"b:66:6:66:Infinity:undefined:undefined:undefined:undefined":4,"s:66:6:66:Infinity":32,"s:66:19:66:Infinity":33,"s:67:22:67:Infinity":34,"s:68:6:68:Infinity":35,"s:69:6:69:Infinity":36,"s:72:6:72:Infinity":37,"s:73:6:73:Infinity":38,"s:74:6:74:Infinity":39,"s:79:25:109:Infinity":40,"f:79:25:79:Infinity":5,"b:84:4:84:Infinity:undefined:undefined:undefined:undefined":5,"s:84:4:84:Infinity":41,"b:84:8:84:17:84:17:84:36":6,"s:84:36:84:Infinity":42,"s:87:25:87:Infinity":43,"s:88:25:92:Infinity":44,"f:88:40:88:41":6,"s:89:6:91:Infinity":45,"b:90:10:90:Infinity:91:10:91:Infinity":7,"b:89:6:89:40:89:40:89:Infinity":8,"s:93:4:93:Infinity":46,"s:95:4:108:Infinity":47,"s:96:18:96:Infinity":48,"b:96:70:96:84:96:84:96:85":9,"s:97:18:97:Infinity":49,"b:99:6:99:Infinity:undefined:undefined:undefined:undefined":10,"s:99:6:99:Infinity":50,"s:99:19:99:Infinity":51,"s:100:22:100:Infinity":52,"s:101:6:101:Infinity":53,"s:102:6:102:Infinity":54,"s:105:6:105:Infinity":55,"s:106:6:106:Infinity":56,"s:107:6:107:Infinity":57,"s:112:25:136:Infinity":58,"f:112:25:112:32":7,"b:113:4:113:Infinity:undefined:undefined:undefined:undefined":11,"s:113:4:113:Infinity":59,"s:113:15:113:Infinity":60,"s:116:25:116:Infinity":61,"s:117:25:119:Infinity":62,"f:118:6:118:7":8,"s:118:16:118:Infinity":63,"b:118:18:118:52:118:52:118:Infinity":12,"s:120:4:120:Infinity":64,"s:122:4:135:Infinity":65,"s:123:18:123:Infinity":66,"b:123:70:123:84:123:84:123:85":13,"s:124:18:124:Infinity":67,"b:126:6:126:Infinity:undefined:undefined:undefined:undefined":14,"s:126:6:126:Infinity":68,"s:126:19:126:Infinity":69,"s:127:22:127:Infinity":70,"s:128:6:128:Infinity":71,"s:129:6:129:Infinity":72,"s:132:6:132:Infinity":73,"s:133:6:133:Infinity":74,"s:134:6:134:Infinity":75,"s:139:20:158:Infinity":76,"f:139:20:139:32":9,"b:140:4:140:Infinity:undefined:undefined:undefined:undefined":15,"s:140:4:140:Infinity":77,"s:140:15:140:Infinity":78,"s:143:25:143:Infinity":79,"s:144:4:144:Infinity":80,"s:146:4:157:Infinity":81,"s:147:18:147:Infinity":82,"s:148:18:148:Infinity":83,"b:150:6:150:Infinity:undefined:undefined:undefined:undefined":16,"s:150:6:150:Infinity":84,"b:150:10:150:21:150:21:150:41":17,"s:150:41:150:Infinity":85,"s:151:6:151:Infinity":86,"s:154:6:154:Infinity":87,"s:155:6:155:Infinity":88,"s:156:6:156:Infinity":89,"s:160:2:169:Infinity":90}}}
,"C:\\Users\\luedu\\OneDrive\\Desktop\\Luis\\Estudios\\Taller web\\ecommerce-store\\src\\modules\\cart-checkout\\hooks\\useStockValidation.ts": {"path":"C:\\Users\\luedu\\OneDrive\\Desktop\\Luis\\Estudios\\Taller web\\ecommerce-store\\src\\modules\\cart-checkout\\hooks\\useStockValidation.ts","statementMap":{"0":{"start":{"line":6,"column":32},"end":{"line":6,"column":null}},"1":{"start":{"line":7,"column":28},"end":{"line":7,"column":null}},"2":{"start":{"line":8,"column":24},"end":{"line":8,"column":null}},"3":{"start":{"line":10,"column":8},"end":{"line":10,"column":null}},"4":{"start":{"line":11,"column":8},"end":{"line":11,"column":null}},"5":{"start":{"line":13,"column":18},"end":{"line":13,"column":null}},"6":{"start":{"line":15,"column":8},"end":{"line":60,"column":null}},"7":{"start":{"line":16,"column":4},"end":{"line":19,"column":null}},"8":{"start":{"line":17,"column":6},"end":{"line":17,"column":null}},"9":{"start":{"line":18,"column":6},"end":{"line":18,"column":null}},"10":{"start":{"line":21,"column":23},"end":{"line":21,"column":null}},"11":{"start":{"line":23,"column":4},"end":{"line":25,"column":null}},"12":{"start":{"line":24,"column":6},"end":{"line":24,"column":null}},"13":{"start":{"line":27,"column":4},"end":{"line":27,"column":null}},"14":{"start":{"line":28,"column":4},"end":{"line":28,"column":null}},"15":{"start":{"line":30,"column":4},"end":{"line":59,"column":null}},"16":{"start":{"line":31,"column":18},"end":{"line":38,"column":null}},"17":{"start":{"line":40,"column":6},"end":{"line":40,"column":null}},"18":{"start":{"line":40,"column":19},"end":{"line":40,"column":null}},"19":{"start":{"line":42,"column":32},"end":{"line":42,"column":null}},"20":{"start":{"line":45,"column":23},"end":{"line":45,"column":null}},"21":{"start":{"line":46,"column":6},"end":{"line":48,"column":null}},"22":{"start":{"line":47,"column":8},"end":{"line":47,"column":null}},"23":{"start":{"line":50,"column":6},"end":{"line":50,"column":null}},"24":{"start":{"line":52,"column":6},"end":{"line":52,"column":null}},"25":{"start":{"line":53,"column":6},"end":{"line":53,"column":null}},"26":{"start":{"line":55,"column":6},"end":{"line":55,"column":null}},"27":{"start":{"line":56,"column":6},"end":{"line":56,"column":null}},"28":{"start":{"line":58,"column":6},"end":{"line":58,"column":null}},"29":{"start":{"line":62,"column":2},"end":{"line":64,"column":null}},"30":{"start":{"line":63,"column":4},"end":{"line":63,"column":null}},"31":{"start":{"line":67,"column":8},"end":{"line":90,"column":null}},"32":{"start":{"line":69,"column":19},"end":{"line":69,"column":null}},"33":{"start":{"line":71,"column":6},"end":{"line":79,"column":null}},"34":{"start":{"line":72,"column":8},"end":{"line":78,"column":null}},"35":{"start":{"line":81,"column":6},"end":{"line":87,"column":null}},"36":{"start":{"line":93,"column":8},"end":{"line":110,"column":null}},"37":{"start":{"line":95,"column":22},"end":{"line":97,"column":null}},"38":{"start":{"line":96,"column":8},"end":{"line":96,"column":null}},"39":{"start":{"line":99,"column":28},"end":{"line":99,"column":null}},"40":{"start":{"line":99,"column":48},"end":{"line":99,"column":61}},"41":{"start":{"line":100,"column":26},"end":{"line":100,"column":null}},"42":{"start":{"line":100,"column":46},"end":{"line":100,"column":62}},"43":{"start":{"line":102,"column":6},"end":{"line":107,"column":null}},"44":{"start":{"line":112,"column":2},"end":{"line":119,"column":null}}},"fnMap":{"0":{"name":"useStockValidation","decl":{"start":{"line":5,"column":16},"end":{"line":5,"column":35}},"loc":{"start":{"line":5,"column":57},"end":{"line":120,"column":null}},"line":5},"1":{"name":"(anonymous_1)","decl":{"start":{"line":15,"column":33},"end":{"line":15,"column":45}},"loc":{"start":{"line":15,"column":45},"end":{"line":60,"column":5}},"line":15},"2":{"name":"(anonymous_2)","decl":{"start":{"line":46,"column":19},"end":{"line":46,"column":20}},"loc":{"start":{"line":46,"column":29},"end":{"line":48,"column":7}},"line":46},"3":{"name":"(anonymous_3)","decl":{"start":{"line":62,"column":12},"end":{"line":62,"column":18}},"loc":{"start":{"line":62,"column":18},"end":{"line":64,"column":5}},"line":62},"4":{"name":"(anonymous_4)","decl":{"start":{"line":68,"column":4},"end":{"line":68,"column":5}},"loc":{"start":{"line":68,"column":76},"end":{"line":88,"column":null}},"line":68},"5":{"name":"(anonymous_5)","decl":{"start":{"line":94,"column":4},"end":{"line":94,"column":5}},"loc":{"start":{"line":94,"column":63},"end":{"line":108,"column":null}},"line":94},"6":{"name":"(anonymous_6)","decl":{"start":{"line":95,"column":36},"end":{"line":95,"column":37}},"loc":{"start":{"line":96,"column":8},"end":{"line":96,"column":null}},"line":96},"7":{"name":"(anonymous_7)","decl":{"start":{"line":99,"column":41},"end":{"line":99,"column":42}},"loc":{"start":{"line":99,"column":48},"end":{"line":99,"column":61}},"line":99},"8":{"name":"(anonymous_8)","decl":{"start":{"line":100,"column":39},"end":{"line":100,"column":40}},"loc":{"start":{"line":100,"column":46},"end":{"line":100,"column":62}},"line":100}},"branchMap":{"0":{"loc":{"start":{"line":16,"column":4},"end":{"line":19,"column":null}},"type":"if","locations":[{"start":{"line":16,"column":4},"end":{"line":19,"column":null}},{"start":{},"end":{}}],"line":16},"1":{"loc":{"start":{"line":16,"column":8},"end":{"line":16,"column":48}},"type":"binary-expr","locations":[{"start":{"line":16,"column":8},"end":{"line":16,"column":23}},{"start":{"line":16,"column":23},"end":{"line":16,"column":48}}],"line":16},"2":{"loc":{"start":{"line":23,"column":4},"end":{"line":25,"column":null}},"type":"if","locations":[{"start":{"line":23,"column":4},"end":{"line":25,"column":null}},{"start":{},"end":{}}],"line":23},"3":{"loc":{"start":{"line":23,"column":8},"end":{"line":23,"column":72}},"type":"binary-expr","locations":[{"start":{"line":23,"column":8},"end":{"line":23,"column":33}},{"start":{"line":23,"column":33},"end":{"line":23,"column":72}}],"line":23},"4":{"loc":{"start":{"line":40,"column":6},"end":{"line":40,"column":null}},"type":"if","locations":[{"start":{"line":40,"column":6},"end":{"line":40,"column":null}},{"start":{},"end":{}}],"line":40},"5":{"loc":{"start":{"line":71,"column":6},"end":{"line":79,"column":null}},"type":"if","locations":[{"start":{"line":71,"column":6},"end":{"line":79,"column":null}},{"start":{},"end":{}}],"line":71},"6":{"loc":{"start":{"line":103,"column":17},"end":{"line":103,"column":null}},"type":"binary-expr","locations":[{"start":{"line":103,"column":17},"end":{"line":103,"column":35}},{"start":{"line":103,"column":35},"end":{"line":103,"column":null}}],"line":103}},"s":{"0":16,"1":16,"2":16,"3":16,"4":16,"5":16,"6":16,"7":5,"8":0,"9":0,"10":5,"11":5,"12":0,"13":5,"14":5,"15":5,"16":5,"17":5,"18":1,"19":4,"20":4,"21":4,"22":8,"23":4,"24":4,"25":4,"26":1,"27":1,"28":5,"29":16,"30":5,"31":16,"32":3,"33":3,"34":0,"35":3,"36":16,"37":1,"38":2,"39":1,"40":2,"41":1,"42":2,"43":1,"44":16},"f":{"0":16,"1":5,"2":8,"3":5,"4":3,"5":1,"6":2,"7":2,"8":2},"b":{"0":[0,5],"1":[5,5],"2":[0,5],"3":[5,0],"4":[1,4],"5":[0,3],"6":[1,0]},"meta":{"lastBranch":7,"lastFunction":9,"lastStatement":45,"seen":{"f:5:16:5:35":0,"s:6:32:6:Infinity":0,"s:7:28:7:Infinity":1,"s:8:24:8:Infinity":2,"s:10:8:10:Infinity":3,"s:11:8:11:Infinity":4,"s:13:18:13:Infinity":5,"s:15:8:60:Infinity":6,"f:15:33:15:45":1,"b:16:4:19:Infinity:undefined:undefined:undefined:undefined":0,"s:16:4:19:Infinity":7,"b:16:8:16:23:16:23:16:48":1,"s:17:6:17:I
[...]
ne":195,"column":70},"end":{"line":195,"column":null}}],"line":195},"27":{"loc":{"start":{"line":195,"column":26},"end":{"line":195,"column":53}},"type":"binary-expr","locations":[{"start":{"line":195,"column":26},"end":{"line":195,"column":37}},{"start":{"line":195,"column":37},"end":{"line":195,"column":53}}],"line":195},"28":{"loc":{"start":{"line":198,"column":25},"end":{"line":198,"column":null}},"type":"binary-expr","locations":[{"start":{"line":198,"column":25},"end":{"line":198,"column":40}},{"start":{"line":198,"column":40},"end":{"line":198,"column":null}}],"line":198},"29":{"loc":{"start":{"line":204,"column":23},"end":{"line":223,"column":null}},"type":"cond-expr","locations":[{"start":{"line":205,"column":24},"end":{"line":207,"column":null}},{"start":{"line":208,"column":26},"end":{"line":223,"column":null}}],"line":204},"30":{"loc":{"start":{"line":208,"column":26},"end":{"line":223,"column":null}},"type":"cond-expr","locations":[{"start":{"line":209,"column":24},"end":{"line":211,"column":null}},{"start":{"line":212,"column":26},"end":{"line":223,"column":null}}],"line":208},"31":{"loc":{"start":{"line":212,"column":26},"end":{"line":223,"column":null}},"type":"cond-expr","locations":[{"start":{"line":213,"column":24},"end":{"line":215,"column":null}},{"start":{"line":216,"column":26},"end":{"line":223,"column":null}}],"line":212},"32":{"loc":{"start":{"line":216,"column":26},"end":{"line":223,"column":null}},"type":"cond-expr","locations":[{"start":{"line":217,"column":24},"end":{"line":219,"column":null}},{"start":{"line":221,"column":24},"end":{"line":223,"column":null}}],"line":216},"33":{"loc":{"start":{"line":237,"column":32},"end":{"line":237,"column":null}},"type":"binary-expr","locations":[{"start":{"line":237,"column":32},"end":{"line":237,"column":54}},{"start":{"line":237,"column":54},"end":{"line":237,"column":null}}],"line":237},"34":{"loc":{"start":{"line":254,"column":24},"end":{"line":255,"column":null}},"type":"binary-expr","locations":[{"start":{"line":254,"column":24},"end":{"line":254,"column":null}},{"start":{"line":255,"column":24},"end":{"line":255,"column":null}}],"line":254},"35":{"loc":{"start":{"line":174,"column":45},"end":{"line":174,"column":65}},"type":"binary-expr","locations":[{"start":{"line":174,"column":45},"end":{"line":174,"column":64}},{"start":{"line":174,"column":64},"end":{"line":174,"column":65}}],"line":174},"36":{"loc":{"start":{"line":288,"column":14},"end":{"line":288,"column":null}},"type":"binary-expr","locations":[{"start":{"line":288,"column":14},"end":{"line":288,"column":36}},{"start":{"line":288,"column":36},"end":{"line":288,"column":64}},{"start":{"line":288,"column":64},"end":{"line":288,"column":null}}],"line":288},"37":{"loc":{"start":{"line":292,"column":16},"end":{"line":294,"column":null}},"type":"cond-expr","locations":[{"start":{"line":293,"column":20},"end":{"line":293,"column":null}},{"start":{"line":294,"column":20},"end":{"line":294,"column":null}}],"line":292},"38":{"loc":{"start":{"line":292,"column":16},"end":{"line":292,"column":null}},"type":"binary-expr","locations":[{"start":{"line":292,"column":16},"end":{"line":292,"column":38}},{"start":{"line":292,"column":38},"end":{"line":292,"column":66}},{"start":{"line":292,"column":66},"end":{"line":292,"column":null}}],"line":292},"39":{"loc":{"start":{"line":297,"column":13},"end":{"line":297,"column":null}},"type":"cond-expr","locations":[{"start":{"line":297,"column":28},"end":{"line":297,"column":53}},{"start":{"line":297,"column":53},"end":{"line":297,"column":null}}],"line":297},"40":{"loc":{"start":{"line":300,"column":11},"end":{"line":303,"column":null}},"type":"binary-expr","locations":[{"start":{"line":300,"column":11},"end":{"line":300,"column":29}},{"start":{"line":300,"column":29},"end":{"line":300,"column":null}},{"start":{"line":301,"column":12},"end":{"line":303,"column":null}}],"line":300}},"s":{"0":9,"1":9,"2":9,"3":9,"4":9,"5":8,"6":12,"7":9,"8":9,"9":14,"10":9,"11":14,"12":9,"13":9,"14":8,"15":2,"16":6,"17":12,"18":9,"19":1,"20":1,"21":0,"22":9,"23":2,"24":2,"25":0,"26":0,"27":2,"28":2,"29":0,"30":9,"31":1,"32":1,"33":1,"34":0,"35":9,"36":0,"37":0,"38":0,"39":0,"40":0,"41":0,"42":0,"43":9,"44":1,"45":8,"46":14,"47":8,"48":14,"49":14,"50":14,"51":1,"52":1,"53":1},"f":{"0":9,"1":8,"2":12,"3":14,"4":14,"5":8,"6":12,"7":1,"8":0,"9":2,"10":1,"11":0,"12":14,"13":14,"14":1,"15":1,"16":1},"b":{"0":[9,1],"1":[2,6],"2":[8,7,7],"3":[1],"4":[0,2],"5":[0,0],"6":[0,0],"7":[0,0],"8":[0,0],"9":[1,8],"10":[9,1],"11":[14,0],"12":[8,1],"13":[0,1],"14":[0,1],"15":[8,0],"16":[9,8,8,7,1],"17":[1,1],"18":[1,0],"19":[1,7],"20":[14,14],"21":[0,14],"22":[14,0],"23":[14,0],"24":[14,0],"25":[0,14],"26":[0,14],"27":[14,0],"28":[14,0],"29":[0,14],"30":[0,14],"31":[0,14],"32":[1,13],"33":[14,7],"34":[14,14],"35":[14,7],"36":[9,7,6],"37":[2,6],"38":[9,7,6],"39":[0,8],"40":[9,7,1]},"meta":{"lastBranch":41,"lastFunction":17,"lastStatement":54,"seen":{"f:7:24:7:35":0,"s:8:56:8:Infinity":0,"s:9:8:9:Infinity":1,"s:10:24:13:Infinity":2,"s:15:16:15:Infinity":3,"b:15:16:15:31:15:31:15:Infinity":0,"s:17:8:20:Infinity":4,"f:18:4:18:10":1,"s:18:10:18:Infinity":5,"f:18:20:18:21":2,"s:18:30:18:45":6,"s:25:2:25:Infinity":7,"s:27:20:27:Infinity":8,"f:27:33:27:34":3,"s:27:46:27:65":9,"s:28:19:28:Infinity":10,"f:28:32:28:33":4,"s:28:45:28:76":11,"s:29:16:29:Infinity":12,"s:32:8:40:Infinity":13,"f:32:33:32:39":5,"b:33:4:33:Infinity:undefined:undefined:undefined:undefined":1,"s:33:4:33:Infinity":14,"b:33:8:33:19:33:19:33:35:33:35:33:55":2,"s:33:55:33:Infinity":15,"s:34:4:39:Infinity":16,"f:35:16:35:17":6,"s:35:27:38:8":17,"s:42:20:48:Infinity":18,"f:42:20:42:Infinity":7,"b:44:44:44:Infinity":3,"s:46:4:46:Infinity":19,"s:47:4:47:Infinity":20,"f:47:15:47:21":8,"s:47:21:47:37":21,"s:50:31:71:Infinity":22,"f:50:31:50:Infinity":9,"s:56:24:56:Infinity":23,"b:58:4:64:Infinity:undefined:undefined:undefined:undefined":4,"s:58:4:64:Infinity":24,"s:59:6:62:Infinity":25,"s:63:6:63:Infinity":26,"s:66:4:70:Infinity":27,"s:67:6:67:Infinity":28,"s:69:6:69:Infinity":29,"s:73:23:83:Infinity":30,"f:73:23:73:Infinity":10,"s:77:4:82:Infinity":31,"s:78:6:78:Infinity":32,"s:79:6:79:Infinity":33,"s:81:6:81:Infinity":34,"s:85:25:104:Infinity":35,"f:85:25:85:31":11,"b:86:4:99:Infinity:undefined:undefined:undefined:undefined":5,"s:86:4:99:Infinity":36,"b:87:6:97:Infinity:92:6:97:Infinity":6,"s:87:6:97:Infinity":37,"s:88:8:91:Infinity":38,"b:92:6:97:Infinity:undefined:undefined:undefined:undefined":7,"s:92:6:97:Infinity":39,"s:93:8:96:Infinity":40,"s:98:6:98:Infinity":41,"s:101:4:103:Infinity":42,"b:102:36:102:48:102:48:102:50":8,"b:106:2:110:Infinity:undefined:undefined:undefined:undefined":9,"s:106:2:110:Infinity":43,"b:106:6:106:17:106:17:106:24":10,"s:107:4:108:Infinity":44,"s:112:19:116:Infinity":45,"f:112:29:112:30":12,"s:112:40:116:4":46,"b:113:10:113:25:113:25:113:Infinity":11,"s:118:2:323:Infinity":47,"b:120:7:120:Infinity:121:8:131:Infinity":12,"b:124:16:124:Infinity:125:16:127:Infinity":13,"b:126:16:126:Infinity:127:16:127:Infinity":14,"b:135:59:135:65:135:65:135:68":15,"b:138:7:138:Infinity:139:8:139:Infinity:140:8:140:Infinity:141:8:141:Infinity:142:10:154:Infinity":16,"b:147:15:147:Infinity:148:16:148:Infinity":17,"b:150:15:150:Infinity:151:16:151:Infinity":18,"b:160:12:162:Infinity:164:12:273:Infinity":19,"f:164:22:164:23":13,"s:165:34:168:Infinity":48,"s:170:16:170:Infinity":49,"b:170:16:170:43:170:43:170:Infinity":20,"s:172:14:271:Infinity":50,"b:178:26:178:Infinity:179:26:179:Infinity":21,"b:177:22:177:33:177:33:177:Infinity":22,"b:184:27:184:45:184:45:184:Infinity":23,"b:185:27:185:42:185:42:185:Infinity":24,"b:188:28:188:Infinity:189:28:189:Infinity":25,"b:195:53:195:70:195:70:195:Infinity":26,"b:195:26:195:37:195:37:195:53":27,"b:198:25:198:40:198:40:198:Infinity":28,"b:205:24:207:Infinity:208:26:223:Infinity":29,"b:209:24:211:Infinity:212:26:223:Infinity":30,"b:213:24:215:Infinity:216:26:223:Infinity":31,"b:217:24:219:Infinity:221:24:223:Infinity":32,"f:230:31:230:Infinity":14,"s:231:24:235:Infinity":51,"b:237:32:237:54:237:54:237:Infinity":33,"f:246:31:246:Infinity":15,"s:247:24:251:Infinity":52,"b:254:24:254:Infinity:255:24:255:Infinity":34,"f:262:31:262:Infinity":16,"s:263:24:263:Infinity":53,"b:174:45:174:64:174:64:174:65":35,"b:288:14:288:36:288:36:288:64:288:64:288:Infinity":36,"b:293:20:293:Infinity:294:20:294:Infinity":37,"b:292:16:292:38:292:38:292:66:292:66:292:Infinity":38,"b:297:28:297:53:297:53:297:Infinity":39,"b:300:11:300:29:300:29:300:Infinity:301:12:303:Infinity":40}}}
,"C:\\Users\\luedu\\OneDrive\\Desktop\\Luis\\Estudios\\Taller web\\ecommerce-store\\src\\modules\\cart-checkout\\page\\checkoutPage_step2.tsx": {"path":"C:\\Users\\luedu\\OneDrive\\Desktop\\Luis\\Estudios\\Taller web\\ecommerce-store\\src\\modules\\cart-checkout\\page\\checkoutPage_step2.tsx","statementMap":{"0":{"start":{"line":16,"column":8},"end":{"line":16,"column":null}},"1":{"start":{"line":17,"column":8},"end":{"line":17,"column":null}},"2":{"start":{"line":19,"column":15},"end":{"line":19,"column":null}},"3":{"start":{"line":20,"column":17},"end":{"line":20,"column":null}},"4":{"start":{"line":21,"column":2},"end":{"line":21,"column":null}},"5":{"start":{"line":22,"column":20},"end":{"line":22,"column":null}},"6":{"start":{"line":24,"column":17},"end":{"line":24,"column":null}},"7":{"start":{"line":25,"column":27},"end":{"line":25,"column":null}},"8":{"start":{"line":27,"column":30},"end":{"line":31,"column":null}},"9":{"start":{"line":33,"column":24},"end":{"line":33,"column":null}},"10":{"start":{"line":34,"column":38},"end":{"line":34,"column":null}},"11":{"start":{"line":36,"column":2},"end":{"line":44,"column":null}},"12":{"start":{"line":37,"column":4},"end":{"line":43,"column":null}},"13":{"start":{"line":38,"column":6},"end":{"line":42,"column":null}},"14":{"start":{"line":46,"column":2},"end":{"line":55,"column":null}},"15":{"start":{"line":47,"column":4},"end":{"line":53,"column":null}},"16":{"start":{"line":57,"column":19},"end":{"line":57,"column":null}},"17":{"start":{"line":57,"column":44},"end":{"line":57,"column":75}},"18":{"start":{"line":58,"column":23},"end":{"line":58,"column":null}},"19":{"start":{"line":59,"column":16},"end":{"line":59,"column":null}},"20":{"start":{"line":61,"column":25},"end":{"line":89,"column":null}},"21":{"start":{"line":62,"column":48},"end":{"line":62,"column":null}},"22":{"start":{"line":65,"column":4},"end":{"line":68,"column":null}},"23":{"start":{"line":66,"column":6},"end":{"line":66,"column":null}},"24":{"start":{"line":67,"column":6},"end":{"line":67,"column":null}},"25":{"start":{"line":70,"column":4},"end":{"line":70,"column":null}},"26":{"start":{"line":71,"column":4},"end":{"line":71,"column":null}},"27":{"start":{"line":73,"column":4},"end":{"line":88,"column":null}},"28":{"start":{"line":74,"column":6},"end":{"line":79,"column":null}},"29":{"start":{"line":75,"column":8},"end":{"line":78,"column":null}},"30":{"start":{"line":81,"column":6},"end":{"line":81,"column":null}},"31":{"start":{"line":84,"column":6},"end":{"line":84,"column":null}},"32":{"start":{"line":85,"column":6},"end":{"line":85,"column":null}},"33":{"start":{"line":87,"column":6},"end":{"line":87,"column":null}},"34":{"start":{"line":92,"column":4},"end":{"line":94,"column":null}},"35":{"start":{"line":96,"column":2},"end":{"line":156,"column":null}},"36":{"start":{"line":119,"column":29},"end":{"line":119,"column":null}},"37":{"start":{"line":142,"column":44},"end":{"line":146,"column":16}}},"fnMap":{"0":{"name":"Checkout_Step2","decl":{"start":{"line":15,"column":24},"end":{"line":15,"column":41}},"loc":{"start":{"line":15,"column":41},"end":{"line":158,"column":null}},"line":15},"1":{"name":"(anonymous_1)","decl":{"start":{"line":36,"column":12},"end":{"line":36,"column":18}},"loc":{"start":{"line":36,"column":18},"end":{"line":44,"column":5}},"line":36},"2":{"name":"(anonymous_2)","decl":{"start":{"line":57,"column":31},"end":{"line":57,"column":32}},"loc":{"start":{"line":57,"column":44},"end":{"line":57,"column":75}},"line":57},"3":{"name":"(anonymous_3)","decl":{"start":{"line":61,"column":25},"end":{"line":61,"column":37}},"loc":{"start":{"line":61,"column":37},"end":{"line":89,"column":null}},"line":61},"4":{"name":"(anonymous_4)","decl":{"start":{"line":119,"column":23},"end":{"line":119,"column":29}},"loc":{"start":{"line":119,"column":29},"end":{"line":119,"column":null}},"line":119},"5":{"name":"(anonymous_5)","decl":{"start":{"line":142,"column":33},"end":{"line":142,"column":34}},"loc":{"start":{"line":142,"column":44},"end":{"line":146,"column":16}},"line":142}},"branchMap":{"0":{"loc":{"start":{"line":37,"column":4},"end":{"line":43,"column":null}},"type":"if","locations":[{"start":{"line":37,"column":4},"end":{"line":43,"column":null}},{"start":{},"end":{}}],"line":37},"1":{"loc":{"start":{"line":39,"column":24},"end":{"line":39,"column":null}},"type":"binary-expr","locations":[{"start":{"line":39,"column":24},"end":{"line":39,"column":47}},{"start":{"line":39,"column":47},"end":{"line":39,"column":null}}],"line":39},"2":{"loc":{"start":{"line":40,"column":15},"end":{"line":40,"column":null}},"type":"binary-expr","locations":[{"start":{"line":40,"column":15},"end":{"line":40,"column":29}},{"start":{"line":40,"column":29},"end":{"line":40,"column":null}}],"line":40},"3":{"loc":{"start":{"line":41,"column":18},"end":{"line":41,"column":null}},"type":"binary-expr","locations":[{"start":{"line":41,"column":18},"end":{"line":41,"column":35}},{"start":{"line":41,"column":35},"end":{"line":41,"column":null}}],"line":41},"4":{"loc":{"start":{"line":46,"column":2},"end":{"line":55,"column":null}},"type":"if","locations":[{"start":{"line":46,"column":2},"end":{"line":55,"column":null}},{"start":{},"end":{}}],"line":46},"5":{"loc":{"start":{"line":58,"column":23},"end":{"line":58,"column":null}},"type":"cond-expr","locations":[{"start":{"line":58,"column":46},"end":{"line":58,"column":54}},{"start":{"line":58,"column":54},"end":{"line":58,"column":null}}],"line":58},"6":{"loc":{"start":{"line":58,"column":54},"end":{"line":58,"column":null}},"type":"cond-expr","locations":[{"start":{"line":58,"column":78},"end":{"line":58,"column":85}},{"start":{"line":58,"column":85},"end":{"line":58,"column":null}}],"line":58},"7":{"loc":{"start":{"line":65,"column":4},"end":{"line":68,"column":null}},"type":"if","locations":[{"start":{"line":65,"column":4},"end":{"line":68,"column":null}},{"start":{},"end":{}}],"line":65},"8":{"loc":{"start":{"line":65,"column":8},"end":{"line":65,"column":69}},"type":"binary-expr","locations":[{"start":{"line":65,"column":8},"end":{"line":65,"column":34}},{"start":{"line":65,"column":34},"end":{"line":65,"column":51}},{"start":{"line":65,"column":51},"end":{"line":65,"column":69}}],"line":65},"9":{"loc":{"start":{"line":74,"column":6},"end":{"line":79,"column":null}},"type":"if","locations":[{"start":{"line":74,"column":6},"end":{"line":79,"column":null}},{"start":{},"end":{}}],"line":74},"10":{"loc":{"start":{"line":92,"column":4},"end":{"line":94,"column":null}},"type":"binary-expr","locations":[{"start":{"line":92,"column":4},"end":{"line":92,"column":null}},{"start":{"line":93,"column":4},"end":{"line":93,"column":null}},{"start":{"line":94,"column":4},"end":{"line":94,"column":null}}],"line":92},"11":{"loc":{"start":{"line":109,"column":13},"end":{"line":112,"column":null}},"type":"binary-expr","locations":[{"start":{"line":109,"column":13},"end":{"line":109,"column":null}},{"start":{"line":110,"column":14},"end":{"line":112,"column":null}}],"line":109},"12":{"loc":{"start":{"line":127,"column":24},"end":{"line":127,"column":null}},"type":"binary-expr","locations":[{"start":{"line":127,"column":24},"end":{"line":127,"column":43}},{"start":{"line":127,"column":43},"end":{"line":127,"column":null}}],"line":127},"13":{"loc":{"start":{"line":128,"column":100},"end":{"line":130,"column":null}},"type":"cond-expr","locations":[{"start":{"line":129,"column":20},"end":{"line":129,"column":null}},{"start":{"line":130,"column":20},"end":{"line":130,"column":null}}],"line":128},"14":{"loc":{"start":{"line":128,"column":100},"end":{"line":128,"column":null}},"type":"binary-expr","locations":[{"start":{"line":128,"column":100},"end":{"line":128,"column":119}},{"start":{"line":128,"column":119},"end":{"line":128,"column":null}}],"line":128},"15":{"loc":{"start":{"line":133,"column":15},"end":{"line":133,"column":null}},"type":"cond-expr","locations":[{"start":{"line":133,"column":30},"end":{"line":133,"column":48}},{"start":{"line":133,"column":48},"end":{"line":133,"column":null}}],"line":133},"16":{"loc":{"start":{"line":140,"column":11},"end":{"line":152,"column":null}},"type":"cond-expr","locations":[{"start":{"line":141,"column":12},"end":{"line":150,"column":null}},{"start":{"line":152,"column":12},"end":{"line":152,"column":null}}],"line":140},"17":{"loc":{"start":{"line":143,"column":22},"end":{"line":143,"column":null}},"type":"binary-expr","locations":[{"start":{"line":143,"column":22},"end":{"line":143,"column":37}},{"start":{"line":143,"column":37},"end":{"line":143,"column":null}}],"line":143},"18":{"loc":{"start":{"line":148,"column":24},"end":{"line":148,"column":null}},"type":"cond-expr","locations":[{"start":{"line":148,"column":45},"end":{"line":148,"column":56}},{"start":{"line":148,"column":56},"end":{"line":148,"column":null}}],"line":148}},"s":{"0":174,"1":174,"2":174,"3":174,"4":174,"5":174,"6":174,"7":174,"8":174,"9":174,"10":174,"11":174,"12":12,"13":1,"14":174,"15":1,"16":173,"17":345,"18":173,"19":174,"20":174,"21":3,"22":3,"23":0,"24":0,"25":3,"26":3,"27":3,"28":3,"29":3,"30":1,"31":1,"32":1,"33":2,"34":174,"35":174,"36":1,"37":345},"f":{"0":174,"1":12,"2":345,"3":3,"4":1,"5":345},"b":{"0":[1,11],"1":[1,0],"2":[1,0],"3":[1,0],"4":[1,173],"5":[1,172],"6":[172,0],"7":[0,3],"8":[3,3,3],"9":[3,0],"10":[174,162,122],"11":[174,1],"12":[174,42],"13":[134,39],"14":[174,42],"15":[3,170],"16":[173,0],"17":[345,0],"18":[0,173]},"meta":{"lastBranch":19,"lastFunction":6,"lastStatement":38,"seen":{"f:15:24:15:41":0,"s:16:8:16:Infinity":0,"s:17:8:17:Infinity":1,"s:19:15:19:Infinity":2,"s:20:17:20:Infinity":3,"s:21:2:21:Infinity":4,"s:22:20:22:Infinity":5,"s:24:17:24:Infinity":6,"s:25:27:25:Infinity":7,"s:27:30:31:Infinity":8,"s:33:24:33:Infinity":9,"s:34:38:34:Infinity":10,"s:36:2:44:Infinity":11,"f:36:12:36:18":1,"b:37:4:43:Infinity:undefined:undefined:undefined:undefined":0,"s:37:4:43:Infinity":12,"s:38:6:42:Infinity":13,"b:39:24:39:47:39:47:39:Infinity":1,"b:40:15:40:29:40:29:40:Infinity":2,"b:41:18:41:35:41:35:41:Infinity":3,"b:46:2:55:Infinity:undefined:undefined:undefined:undefined":4,"s:46:2:55:Infinity":14,"s:47:4:53:Infinity":15,"s:57:19:57:Infinity":16,"f:57:31:57:32":2,"s:57:44:57:75":17,"s:58:23:58:Infinity":18,"b:58:46:58:54:58:54:58:Infinity":5,"b:58:78:58:85:58:85:58:Infinity":6,"s:59:16:59:Infinity":19,"s:61:25:89:Infinity":20,"f:61:25:61:37":3,"s:62:48:62:Infinity":21,"b:65:4:68:Infinity:undefined:undefined:undefined:undefined":7,"s:65:4:68:Infinity":22,"b:65:8:65:34:65:34:65:51:65:51:65:69":8,"s:66:6:66:Infinity":23,"s:67:6:67:Infinity":24,"s:70:4:70:Infinity":25,"s:71:4:71:Infinity":26,"s:73:4:88:Infinity":27,"b:74:6:79:Infinity:undefined:undefined:undefined:undefined":9,"s:74:6:79:Infinity":28,"s:75:8:78:Infinity":29,"s:81:6:81:Infinity":30,"s:84:6:84:Infinity":31,"s:85:6:85:Infinity":32,"s:87:6:87:Infinity":33,"s:92:4:94:Infinity":34,"b:92:4:92:Infinity:93:4:93:Infinity:94:4:94:Infinity":10,"s:96:2:156:Infinity":35,"b:109:13:109:Infinity:110:14:112:Infinity":11,"f:119:23:119:29":4,"s:119:29:119:Infinity":36,"b:127:24:127:43:127:43:127:Infinity":12,"b:129:20:129:Infinity:130:20:130:Infinity":13,"b:128:100:128:119:128:119:128:Infinity":14,"b:133:30:133:48:133:48:133:Infinity":15,"b:141:12:150:Infinity:152:12:152:Infinity":16,"f:142:33:142:34":5,"s:142:44:146:16":37,"b:143:22:143:37:143:37:143:Infinity":17,"b:148:45:148:56:148:56:148:Infinity":18}}}
}
